20180606 17:57:27 INFO com.zyj.sessionClient.App.main(App.java:14) [main] Hello World!
20180606 18:02:58 INFO com.zyj.sessionClient.entry.SessionClient.start(SessionClient.java:22) [main] id:5session已开始
20180606 18:03:03 INFO com.zyj.sessionClient.entry.SessionClient.stop(SessionClient.java:31) [main] id:5session已停止
20180606 18:15:33 INFO com.zyj.sessionClient.entry.SessionClient.start(SessionClient.java:28) [main] id:5session已开始
20180606 18:15:33 INFO com.zyj.sessionClient.entry.SessionClient.stop(SessionClient.java:51) [pool-1-thread-1] id:5session已停止
20180606 18:22:35 INFO com.zyj.sessionClient.entry.SessionClient.start(SessionClient.java:30) [main] id:5session已开始
20180606 18:22:41 INFO com.zyj.sessionClient.entry.SessionClient.stop(SessionClient.java:54) [pool-1-thread-1] id:5session已停止
20180606 18:23:32 INFO com.zyj.sessionClient.entry.SessionClient.start(SessionClient.java:30) [main] id:5session已开始
20180606 18:23:32 INFO com.zyj.sessionClient.entry.SessionClient.start(SessionClient.java:30) [main] id:10session已开始
20180606 18:23:38 INFO com.zyj.sessionClient.entry.SessionClient.stop(SessionClient.java:54) [pool-1-thread-1] id:5session已停止
20180606 18:23:40 INFO com.zyj.sessionClient.entry.SessionClient.stop(SessionClient.java:54) [pool-2-thread-1] id:10session已停止
20180606 23:48:50 INFO com.zyj.sessionClient.entry.SessionClient.start(SessionClient.java:47) [pool-1-thread-2] id:1session已开始
20180606 23:48:50 INFO com.zyj.sessionClient.entry.SessionClient.start(SessionClient.java:47) [pool-1-thread-3] id:2session已开始
20180606 23:48:50 INFO com.zyj.sessionClient.entry.SessionClient.start(SessionClient.java:47) [pool-1-thread-4] id:3session已开始
20180606 23:48:50 INFO com.zyj.sessionClient.entry.SessionClient.start(SessionClient.java:47) [pool-1-thread-1] id:0session已开始
20180606 23:48:50 INFO com.zyj.sessionClient.entry.SessionClient.start(SessionClient.java:47) [pool-1-thread-1] id:7session已开始
20180606 23:48:50 INFO com.zyj.sessionClient.entry.SessionClient.start(SessionClient.java:47) [pool-1-thread-3] id:5session已开始
20180606 23:48:50 INFO com.zyj.sessionClient.entry.SessionClient.start(SessionClient.java:47) [pool-1-thread-2] id:4session已开始
20180606 23:48:50 INFO com.zyj.sessionClient.entry.SessionClient.start(SessionClient.java:47) [pool-1-thread-1] id:8session已开始
20180606 23:48:50 INFO com.zyj.sessionClient.entry.SessionClient.start(SessionClient.java:47) [pool-1-thread-4] id:6session已开始
20180606 23:48:50 INFO com.zyj.sessionClient.entry.SessionClient.start(SessionClient.java:47) [pool-1-thread-3] id:9session已开始
20180606 23:48:55 INFO com.zyj.sessionClient.entry.SessionClient.stop(SessionClient.java:75) [pool-4-thread-1] id:0session已停止
20180606 23:48:55 INFO com.zyj.sessionClient.entry.SessionClient.stop(SessionClient.java:75) [pool-2-thread-1] id:3session已停止
20180606 23:48:55 INFO com.zyj.sessionClient.entry.SessionClient.stop(SessionClient.java:75) [pool-3-thread-1] id:2session已停止
20180606 23:48:55 INFO com.zyj.sessionClient.entry.SessionClient.stop(SessionClient.java:75) [pool-5-thread-1] id:1session已停止
20180606 23:48:55 INFO com.zyj.sessionClient.entry.SessionClient.stop(SessionClient.java:75) [pool-6-thread-1] id:7session已停止
20180606 23:48:55 INFO com.zyj.sessionClient.entry.SessionClient.stop(SessionClient.java:75) [pool-8-thread-1] id:4session已停止
20180606 23:48:55 INFO com.zyj.sessionClient.entry.SessionClient.stop(SessionClient.java:75) [pool-7-thread-1] id:5session已停止
20180606 23:48:55 INFO com.zyj.sessionClient.entry.SessionClient.stop(SessionClient.java:75) [pool-9-thread-1] id:8session已停止
20180606 23:48:55 INFO com.zyj.sessionClient.entry.SessionClient.stop(SessionClient.java:75) [pool-11-thread-1] id:9session已停止
20180606 23:48:55 INFO com.zyj.sessionClient.entry.SessionClient.stop(SessionClient.java:75) [pool-10-thread-1] id:6session已停止
20180607 00:03:06 INFO com.zyj.sessionClient.entry.SessionClient.start(SessionClient.java:47) [pool-1-thread-3] id:2session已开始
20180607 00:03:06 INFO com.zyj.sessionClient.entry.SessionClient.start(SessionClient.java:47) [pool-1-thread-4] id:3session已开始
20180607 00:03:06 INFO com.zyj.sessionClient.entry.SessionClient.start(SessionClient.java:47) [pool-1-thread-1] id:0session已开始
20180607 00:03:06 INFO com.zyj.sessionClient.entry.SessionClient.start(SessionClient.java:47) [pool-1-thread-2] id:1session已开始
20180607 00:03:06 INFO com.zyj.sessionClient.entry.SessionClient.start(SessionClient.java:47) [pool-1-thread-4] id:5session已开始
20180607 00:03:06 INFO com.zyj.sessionClient.entry.SessionClient.start(SessionClient.java:47) [pool-1-thread-3] id:4session已开始
20180607 00:03:06 INFO com.zyj.sessionClient.entry.SessionClient.start(SessionClient.java:47) [pool-1-thread-1] id:6session已开始
20180607 00:03:06 INFO com.zyj.sessionClient.entry.SessionClient.start(SessionClient.java:47) [pool-1-thread-4] id:8session已开始
20180607 00:03:06 INFO com.zyj.sessionClient.entry.SessionClient.start(SessionClient.java:47) [pool-1-thread-3] id:9session已开始
20180607 00:03:06 INFO com.zyj.sessionClient.entry.SessionClient.start(SessionClient.java:47) [pool-1-thread-2] id:7session已开始
20180607 00:03:11 INFO com.zyj.sessionClient.entry.SessionClient.stop(SessionClient.java:75) [pool-4-thread-1] id:3session已停止
20180607 00:03:11 INFO com.zyj.sessionClient.entry.SessionClient.stop(SessionClient.java:75) [pool-3-thread-1] id:0session已停止
20180607 00:03:11 INFO com.zyj.sessionClient.entry.SessionClient.stop(SessionClient.java:75) [pool-2-thread-1] id:2session已停止
20180607 00:03:11 INFO com.zyj.sessionClient.entry.SessionClient.stop(SessionClient.java:75) [pool-5-thread-1] id:1session已停止
20180607 00:03:11 INFO com.zyj.sessionClient.entry.SessionClient.stop(SessionClient.java:75) [pool-6-thread-1] id:5session已停止
20180607 00:03:11 INFO com.zyj.sessionClient.entry.SessionClient.stop(SessionClient.java:75) [pool-7-thread-1] id:4session已停止
20180607 00:03:11 INFO com.zyj.sessionClient.entry.SessionClient.stop(SessionClient.java:75) [pool-8-thread-1] id:6session已停止
20180607 00:03:11 INFO com.zyj.sessionClient.entry.SessionClient.stop(SessionClient.java:75) [pool-9-thread-1] id:8session已停止
20180607 00:03:11 INFO com.zyj.sessionClient.entry.SessionClient.stop(SessionClient.java:75) [pool-10-thread-1] id:7session已停止
20180607 00:03:11 INFO com.zyj.sessionClient.entry.SessionClient.stop(SessionClient.java:75) [pool-11-thread-1] id:9session已停止
20180607 00:05:08 INFO com.zyj.sessionClient.entry.SessionClient.start(SessionClient.java:47) [pool-1-thread-4] id:3session已开始
20180607 00:05:08 INFO com.zyj.sessionClient.entry.SessionClient.start(SessionClient.java:47) [pool-1-thread-2] id:1session已开始
20180607 00:05:08 INFO com.zyj.sessionClient.entry.SessionClient.start(SessionClient.java:47) [pool-1-thread-3] id:2session已开始
20180607 00:05:08 INFO com.zyj.sessionClient.entry.SessionClient.start(SessionClient.java:47) [pool-1-thread-1] id:0session已开始
20180607 00:05:08 INFO com.zyj.sessionClient.entry.SessionClient.start(SessionClient.java:47) [pool-1-thread-2] id:5session已开始
20180607 00:05:08 INFO com.zyj.sessionClient.entry.SessionClient.start(SessionClient.java:47) [pool-1-thread-3] id:6session已开始
20180607 00:05:08 INFO com.zyj.sessionClient.entry.SessionClient.start(SessionClient.java:47) [pool-1-thread-4] id:4session已开始
20180607 00:05:08 INFO com.zyj.sessionClient.entry.SessionClient.start(SessionClient.java:47) [pool-1-thread-2] id:8session已开始
20180607 00:05:08 INFO com.zyj.sessionClient.entry.SessionClient.start(SessionClient.java:47) [pool-1-thread-1] id:7session已开始
20180607 00:05:08 INFO com.zyj.sessionClient.entry.SessionClient.start(SessionClient.java:47) [pool-1-thread-3] id:9session已开始
20180607 00:05:13 INFO com.zyj.sessionClient.entry.SessionClient.stop(SessionClient.java:75) [pool-3-thread-1] id:2session已停止
20180607 00:05:13 INFO com.zyj.sessionClient.entry.SessionClient.stop(SessionClient.java:75) [pool-5-thread-1] id:1session已停止
20180607 00:05:13 INFO com.zyj.sessionClient.entry.SessionClient.stop(SessionClient.java:75) [pool-2-thread-1] id:3session已停止
20180607 00:05:14 INFO com.zyj.sessionClient.entry.SessionClient.stop(SessionClient.java:75) [pool-4-thread-1] id:0session已停止
20180607 00:05:14 INFO com.zyj.sessionClient.entry.SessionClient.stop(SessionClient.java:75) [pool-7-thread-1] id:6session已停止
20180607 00:05:14 INFO com.zyj.sessionClient.entry.SessionClient.stop(SessionClient.java:75) [pool-6-thread-1] id:5session已停止
20180607 00:05:14 INFO com.zyj.sessionClient.entry.SessionClient.stop(SessionClient.java:75) [pool-8-thread-1] id:4session已停止
20180607 00:05:14 INFO com.zyj.sessionClient.entry.SessionClient.stop(SessionClient.java:75) [pool-9-thread-1] id:7session已停止
20180607 00:05:14 INFO com.zyj.sessionClient.entry.SessionClient.stop(SessionClient.java:75) [pool-10-thread-1] id:8session已停止
20180607 00:05:14 INFO com.zyj.sessionClient.entry.SessionClient.stop(SessionClient.java:75) [pool-11-thread-1] id:9session已停止
20180607 00:32:15 INFO com.zyj.sessionClient.entry.SessionClient.start(SessionClient.java:51) [pool-1-thread-2] id:1session已开始url:null
20180607 00:32:15 INFO com.zyj.sessionClient.entry.SessionClient.start(SessionClient.java:51) [pool-1-thread-3] id:2session已开始url:null
20180607 00:32:15 INFO com.zyj.sessionClient.entry.SessionClient.start(SessionClient.java:51) [pool-1-thread-4] id:3session已开始url:null
20180607 00:32:15 INFO com.zyj.sessionClient.entry.SessionClient.start(SessionClient.java:51) [pool-1-thread-1] id:0session已开始url:null
20180607 00:32:15 INFO com.zyj.sessionClient.entry.SessionClient.start(SessionClient.java:51) [pool-1-thread-2] id:4session已开始url:null
20180607 00:32:15 INFO com.zyj.sessionClient.entry.SessionClient.start(SessionClient.java:51) [pool-1-thread-4] id:6session已开始url:null
20180607 00:32:15 INFO com.zyj.sessionClient.entry.SessionClient.start(SessionClient.java:51) [pool-1-thread-3] id:5session已开始url:null
20180607 00:32:15 INFO com.zyj.sessionClient.entry.SessionClient.start(SessionClient.java:51) [pool-1-thread-4] id:9session已开始url:null
20180607 00:32:15 INFO com.zyj.sessionClient.entry.SessionClient.start(SessionClient.java:51) [pool-1-thread-1] id:7session已开始url:null
20180607 00:32:15 INFO com.zyj.sessionClient.entry.SessionClient.start(SessionClient.java:51) [pool-1-thread-2] id:8session已开始url:null
20180607 00:32:20 INFO com.zyj.sessionClient.entry.SessionClient.stop(SessionClient.java:79) [pool-3-thread-1] id:3session已停止
20180607 00:32:20 INFO com.zyj.sessionClient.entry.SessionClient.stop(SessionClient.java:79) [pool-5-thread-1] id:1session已停止
20180607 00:32:20 INFO com.zyj.sessionClient.entry.SessionClient.stop(SessionClient.java:79) [pool-2-thread-1] id:2session已停止
20180607 00:32:20 INFO com.zyj.sessionClient.entry.SessionClient.stop(SessionClient.java:79) [pool-4-thread-1] id:0session已停止
20180607 00:32:20 INFO com.zyj.sessionClient.entry.SessionClient.stop(SessionClient.java:79) [pool-6-thread-1] id:4session已停止
20180607 00:32:20 INFO com.zyj.sessionClient.entry.SessionClient.stop(SessionClient.java:79) [pool-8-thread-1] id:5session已停止
20180607 00:32:20 INFO com.zyj.sessionClient.entry.SessionClient.stop(SessionClient.java:79) [pool-9-thread-1] id:7session已停止
20180607 00:32:20 INFO com.zyj.sessionClient.entry.SessionClient.stop(SessionClient.java:79) [pool-10-thread-1] id:9session已停止
20180607 00:32:20 INFO com.zyj.sessionClient.entry.SessionClient.stop(SessionClient.java:79) [pool-7-thread-1] id:6session已停止
20180607 00:32:20 INFO com.zyj.sessionClient.entry.SessionClient.stop(SessionClient.java:79) [pool-11-thread-1] id:8session已停止
20180607 00:32:33 INFO com.zyj.sessionClient.entry.SessionClient.start(SessionClient.java:51) [pool-1-thread-2] id:1session已开始url:null
20180607 00:32:33 INFO com.zyj.sessionClient.entry.SessionClient.start(SessionClient.java:51) [pool-1-thread-3] id:2session已开始url:null
20180607 00:32:33 INFO com.zyj.sessionClient.entry.SessionClient.start(SessionClient.java:51) [pool-1-thread-1] id:0session已开始url:null
20180607 00:32:33 INFO com.zyj.sessionClient.entry.SessionClient.start(SessionClient.java:51) [pool-1-thread-4] id:3session已开始url:null
20180607 00:32:33 INFO com.zyj.sessionClient.entry.SessionClient.start(SessionClient.java:51) [pool-1-thread-4] id:7session已开始url:null
20180607 00:32:33 INFO com.zyj.sessionClient.entry.SessionClient.start(SessionClient.java:51) [pool-1-thread-3] id:6session已开始url:null
20180607 00:32:33 INFO com.zyj.sessionClient.entry.SessionClient.start(SessionClient.java:51) [pool-1-thread-4] id:8session已开始url:null
20180607 00:32:33 INFO com.zyj.sessionClient.entry.SessionClient.start(SessionClient.java:51) [pool-1-thread-3] id:9session已开始url:null
20180607 00:32:33 INFO com.zyj.sessionClient.entry.SessionClient.start(SessionClient.java:51) [pool-1-thread-2] id:4session已开始url:null
20180607 00:32:33 INFO com.zyj.sessionClient.entry.SessionClient.start(SessionClient.java:51) [pool-1-thread-1] id:5session已开始url:null
20180607 00:32:38 INFO com.zyj.sessionClient.entry.SessionClient.stop(SessionClient.java:79) [pool-2-thread-1] id:0session已停止
20180607 00:32:38 INFO com.zyj.sessionClient.entry.SessionClient.stop(SessionClient.java:79) [pool-3-thread-1] id:1session已停止
20180607 00:32:38 INFO com.zyj.sessionClient.entry.SessionClient.stop(SessionClient.java:79) [pool-5-thread-1] id:3session已停止
20180607 00:32:38 INFO com.zyj.sessionClient.entry.SessionClient.stop(SessionClient.java:79) [pool-4-thread-1] id:2session已停止
20180607 00:32:38 INFO com.zyj.sessionClient.entry.SessionClient.stop(SessionClient.java:79) [pool-6-thread-1] id:7session已停止
20180607 00:32:38 INFO com.zyj.sessionClient.entry.SessionClient.stop(SessionClient.java:79) [pool-7-thread-1] id:6session已停止
20180607 00:32:38 INFO com.zyj.sessionClient.entry.SessionClient.stop(SessionClient.java:79) [pool-8-thread-1] id:8session已停止
20180607 00:32:38 INFO com.zyj.sessionClient.entry.SessionClient.stop(SessionClient.java:79) [pool-10-thread-1] id:9session已停止
20180607 00:32:38 INFO com.zyj.sessionClient.entry.SessionClient.stop(SessionClient.java:79) [pool-9-thread-1] id:4session已停止
20180607 00:32:38 INFO com.zyj.sessionClient.entry.SessionClient.stop(SessionClient.java:79) [pool-11-thread-1] id:5session已停止
20180607 00:33:43 ERROR com.zyj.sessionClient.util.PropertiesUtil.readProperties(PropertiesUtil.java:38) [pool-1-thread-2] 
20180607 00:33:43 ERROR com.zyj.sessionClient.util.PropertiesUtil.readProperties(PropertiesUtil.java:38) [pool-1-thread-4] 
20180607 00:33:43 ERROR com.zyj.sessionClient.util.PropertiesUtil.readProperties(PropertiesUtil.java:38) [pool-1-thread-3] 
20180607 00:33:43 ERROR com.zyj.sessionClient.util.PropertiesUtil.readProperties(PropertiesUtil.java:38) [pool-1-thread-1] 
20180607 00:33:43 INFO com.zyj.sessionClient.entry.SessionClient.start(SessionClient.java:51) [pool-1-thread-1] id:0session已开始url:null
20180607 00:33:43 INFO com.zyj.sessionClient.entry.SessionClient.start(SessionClient.java:51) [pool-1-thread-3] id:2session已开始url:null
20180607 00:33:43 INFO com.zyj.sessionClient.entry.SessionClient.start(SessionClient.java:51) [pool-1-thread-2] id:1session已开始url:null
20180607 00:33:43 INFO com.zyj.sessionClient.entry.SessionClient.start(SessionClient.java:51) [pool-1-thread-4] id:3session已开始url:null
20180607 00:33:43 ERROR com.zyj.sessionClient.util.PropertiesUtil.readProperties(PropertiesUtil.java:38) [pool-1-thread-2] 
20180607 00:33:43 ERROR com.zyj.sessionClient.util.PropertiesUtil.readProperties(PropertiesUtil.java:38) [pool-1-thread-4] 
20180607 00:33:43 ERROR com.zyj.sessionClient.util.PropertiesUtil.readProperties(PropertiesUtil.java:38) [pool-1-thread-3] 
20180607 00:33:43 ERROR com.zyj.sessionClient.util.PropertiesUtil.readProperties(PropertiesUtil.java:38) [pool-1-thread-1] 
20180607 00:33:43 INFO com.zyj.sessionClient.entry.SessionClient.start(SessionClient.java:51) [pool-1-thread-4] id:7session已开始url:null
20180607 00:33:43 ERROR com.zyj.sessionClient.util.PropertiesUtil.readProperties(PropertiesUtil.java:38) [pool-1-thread-4] 
20180607 00:33:43 INFO com.zyj.sessionClient.entry.SessionClient.start(SessionClient.java:51) [pool-1-thread-4] id:8session已开始url:null
20180607 00:33:43 ERROR com.zyj.sessionClient.util.PropertiesUtil.readProperties(PropertiesUtil.java:38) [pool-1-thread-4] 
20180607 00:33:43 INFO com.zyj.sessionClient.entry.SessionClient.start(SessionClient.java:51) [pool-1-thread-2] id:4session已开始url:null
20180607 00:33:43 INFO com.zyj.sessionClient.entry.SessionClient.start(SessionClient.java:51) [pool-1-thread-4] id:9session已开始url:null
20180607 00:33:43 INFO com.zyj.sessionClient.entry.SessionClient.start(SessionClient.java:51) [pool-1-thread-3] id:6session已开始url:null
20180607 00:33:43 INFO com.zyj.sessionClient.entry.SessionClient.start(SessionClient.java:51) [pool-1-thread-1] id:5session已开始url:null
20180607 00:33:48 INFO com.zyj.sessionClient.entry.SessionClient.stop(SessionClient.java:79) [pool-3-thread-1] id:3session已停止
20180607 00:33:48 INFO com.zyj.sessionClient.entry.SessionClient.stop(SessionClient.java:79) [pool-4-thread-1] id:1session已停止
20180607 00:33:48 INFO com.zyj.sessionClient.entry.SessionClient.stop(SessionClient.java:79) [pool-5-thread-1] id:0session已停止
20180607 00:33:48 INFO com.zyj.sessionClient.entry.SessionClient.stop(SessionClient.java:79) [pool-2-thread-1] id:2session已停止
20180607 00:33:48 INFO com.zyj.sessionClient.entry.SessionClient.stop(SessionClient.java:79) [pool-6-thread-1] id:7session已停止
20180607 00:33:48 INFO com.zyj.sessionClient.entry.SessionClient.stop(SessionClient.java:79) [pool-8-thread-1] id:4session已停止
20180607 00:33:48 INFO com.zyj.sessionClient.entry.SessionClient.stop(SessionClient.java:79) [pool-7-thread-1] id:8session已停止
20180607 00:33:48 INFO com.zyj.sessionClient.entry.SessionClient.stop(SessionClient.java:79) [pool-10-thread-1] id:6session已停止
20180607 00:33:48 INFO com.zyj.sessionClient.entry.SessionClient.stop(SessionClient.java:79) [pool-11-thread-1] id:5session已停止
20180607 00:33:48 INFO com.zyj.sessionClient.entry.SessionClient.stop(SessionClient.java:79) [pool-9-thread-1] id:9session已停止
20180607 00:35:55 ERROR com.zyj.sessionClient.util.PropertiesUtil.readProperties(PropertiesUtil.java:38) [pool-1-thread-3] 
20180607 00:35:55 ERROR com.zyj.sessionClient.util.PropertiesUtil.readProperties(PropertiesUtil.java:38) [pool-1-thread-1] 
20180607 00:35:55 ERROR com.zyj.sessionClient.util.PropertiesUtil.readProperties(PropertiesUtil.java:38) [pool-1-thread-2] 
20180607 00:35:55 ERROR com.zyj.sessionClient.util.PropertiesUtil.readProperties(PropertiesUtil.java:38) [pool-1-thread-4] 
20180607 00:35:56 INFO com.zyj.sessionClient.entry.SessionClient.start(SessionClient.java:51) [pool-1-thread-1] id:0session已开始url:null
20180607 00:35:56 INFO com.zyj.sessionClient.entry.SessionClient.start(SessionClient.java:51) [pool-1-thread-3] id:2session已开始url:null
20180607 00:35:56 INFO com.zyj.sessionClient.entry.SessionClient.start(SessionClient.java:51) [pool-1-thread-2] id:1session已开始url:null
20180607 00:35:56 INFO com.zyj.sessionClient.entry.SessionClient.start(SessionClient.java:51) [pool-1-thread-4] id:3session已开始url:null
20180607 00:35:56 ERROR com.zyj.sessionClient.util.PropertiesUtil.readProperties(PropertiesUtil.java:38) [pool-1-thread-2] 
20180607 00:35:56 ERROR com.zyj.sessionClient.util.PropertiesUtil.readProperties(PropertiesUtil.java:38) [pool-1-thread-1] 
20180607 00:35:56 ERROR com.zyj.sessionClient.util.PropertiesUtil.readProperties(PropertiesUtil.java:38) [pool-1-thread-3] 
20180607 00:35:56 ERROR com.zyj.sessionClient.util.PropertiesUtil.readProperties(PropertiesUtil.java:38) [pool-1-thread-4] 
20180607 00:35:56 INFO com.zyj.sessionClient.entry.SessionClient.start(SessionClient.java:51) [pool-1-thread-3] id:5session已开始url:null
20180607 00:35:56 INFO com.zyj.sessionClient.entry.SessionClient.start(SessionClient.java:51) [pool-1-thread-2] id:7session已开始url:null
20180607 00:35:56 ERROR com.zyj.sessionClient.util.PropertiesUtil.readProperties(PropertiesUtil.java:38) [pool-1-thread-3] 
20180607 00:35:56 ERROR com.zyj.sessionClient.util.PropertiesUtil.readProperties(PropertiesUtil.java:38) [pool-1-thread-2] 
20180607 00:35:56 INFO com.zyj.sessionClient.entry.SessionClient.start(SessionClient.java:51) [pool-1-thread-3] id:8session已开始url:null
20180607 00:35:56 INFO com.zyj.sessionClient.entry.SessionClient.start(SessionClient.java:51) [pool-1-thread-2] id:9session已开始url:null
20180607 00:35:56 INFO com.zyj.sessionClient.entry.SessionClient.start(SessionClient.java:51) [pool-1-thread-4] id:4session已开始url:null
20180607 00:35:56 INFO com.zyj.sessionClient.entry.SessionClient.start(SessionClient.java:51) [pool-1-thread-1] id:6session已开始url:null
20180607 00:36:01 INFO com.zyj.sessionClient.entry.SessionClient.stop(SessionClient.java:79) [pool-5-thread-1] id:2session已停止
20180607 00:36:01 INFO com.zyj.sessionClient.entry.SessionClient.stop(SessionClient.java:79) [pool-4-thread-1] id:1session已停止
20180607 00:36:01 INFO com.zyj.sessionClient.entry.SessionClient.stop(SessionClient.java:79) [pool-2-thread-1] id:3session已停止
20180607 00:36:01 INFO com.zyj.sessionClient.entry.SessionClient.stop(SessionClient.java:79) [pool-3-thread-1] id:0session已停止
20180607 00:36:01 INFO com.zyj.sessionClient.entry.SessionClient.stop(SessionClient.java:79) [pool-7-thread-1] id:7session已停止
20180607 00:36:01 INFO com.zyj.sessionClient.entry.SessionClient.stop(SessionClient.java:79) [pool-9-thread-1] id:4session已停止
20180607 00:36:01 INFO com.zyj.sessionClient.entry.SessionClient.stop(SessionClient.java:79) [pool-10-thread-1] id:9session已停止
20180607 00:36:01 INFO com.zyj.sessionClient.entry.SessionClient.stop(SessionClient.java:79) [pool-6-thread-1] id:5session已停止
20180607 00:36:01 INFO com.zyj.sessionClient.entry.SessionClient.stop(SessionClient.java:79) [pool-11-thread-1] id:6session已停止
20180607 00:36:01 INFO com.zyj.sessionClient.entry.SessionClient.stop(SessionClient.java:79) [pool-8-thread-1] id:8session已停止
20180607 00:36:31 ERROR com.zyj.sessionClient.util.PropertiesUtil.readProperties(PropertiesUtil.java:38) [pool-1-thread-1] 
20180607 00:36:31 ERROR com.zyj.sessionClient.util.PropertiesUtil.readProperties(PropertiesUtil.java:38) [pool-1-thread-4] 
20180607 00:36:31 ERROR com.zyj.sessionClient.util.PropertiesUtil.readProperties(PropertiesUtil.java:38) [pool-1-thread-2] 
20180607 00:36:31 ERROR com.zyj.sessionClient.util.PropertiesUtil.readProperties(PropertiesUtil.java:38) [pool-1-thread-3] 
20180607 00:36:31 INFO com.zyj.sessionClient.entry.SessionClient.start(SessionClient.java:51) [pool-1-thread-1] id:0session已开始url:null
20180607 00:36:31 INFO com.zyj.sessionClient.entry.SessionClient.start(SessionClient.java:51) [pool-1-thread-4] id:3session已开始url:null
20180607 00:36:31 INFO com.zyj.sessionClient.entry.SessionClient.start(SessionClient.java:51) [pool-1-thread-3] id:2session已开始url:null
20180607 00:36:31 INFO com.zyj.sessionClient.entry.SessionClient.start(SessionClient.java:51) [pool-1-thread-2] id:1session已开始url:null
20180607 00:36:31 ERROR com.zyj.sessionClient.util.PropertiesUtil.readProperties(PropertiesUtil.java:38) [pool-1-thread-1] 
20180607 00:36:31 ERROR com.zyj.sessionClient.util.PropertiesUtil.readProperties(PropertiesUtil.java:38) [pool-1-thread-4] 
20180607 00:36:31 ERROR com.zyj.sessionClient.util.PropertiesUtil.readProperties(PropertiesUtil.java:38) [pool-1-thread-2] 
20180607 00:36:31 ERROR com.zyj.sessionClient.util.PropertiesUtil.readProperties(PropertiesUtil.java:38) [pool-1-thread-3] 
20180607 00:36:31 INFO com.zyj.sessionClient.entry.SessionClient.start(SessionClient.java:51) [pool-1-thread-1] id:4session已开始url:null
20180607 00:36:31 ERROR com.zyj.sessionClient.util.PropertiesUtil.readProperties(PropertiesUtil.java:38) [pool-1-thread-1] 
20180607 00:36:31 INFO com.zyj.sessionClient.entry.SessionClient.start(SessionClient.java:51) [pool-1-thread-4] id:6session已开始url:null
20180607 00:36:31 ERROR com.zyj.sessionClient.util.PropertiesUtil.readProperties(PropertiesUtil.java:38) [pool-1-thread-4] 
20180607 00:36:31 INFO com.zyj.sessionClient.entry.SessionClient.start(SessionClient.java:51) [pool-1-thread-1] id:8session已开始url:null
20180607 00:36:31 INFO com.zyj.sessionClient.entry.SessionClient.start(SessionClient.java:51) [pool-1-thread-2] id:5session已开始url:null
20180607 00:36:31 INFO com.zyj.sessionClient.entry.SessionClient.start(SessionClient.java:51) [pool-1-thread-4] id:9session已开始url:null
20180607 00:36:31 INFO com.zyj.sessionClient.entry.SessionClient.start(SessionClient.java:51) [pool-1-thread-3] id:7session已开始url:null
20180607 00:36:36 INFO com.zyj.sessionClient.entry.SessionClient.stop(SessionClient.java:79) [pool-4-thread-1] id:3session已停止
20180607 00:36:36 INFO com.zyj.sessionClient.entry.SessionClient.stop(SessionClient.java:79) [pool-3-thread-1] id:1session已停止
20180607 00:36:36 INFO com.zyj.sessionClient.entry.SessionClient.stop(SessionClient.java:79) [pool-2-thread-1] id:0session已停止
20180607 00:36:36 INFO com.zyj.sessionClient.entry.SessionClient.stop(SessionClient.java:79) [pool-5-thread-1] id:2session已停止
20180607 00:36:36 INFO com.zyj.sessionClient.entry.SessionClient.stop(SessionClient.java:79) [pool-6-thread-1] id:4session已停止
20180607 00:36:36 INFO com.zyj.sessionClient.entry.SessionClient.stop(SessionClient.java:79) [pool-9-thread-1] id:5session已停止
20180607 00:36:36 INFO com.zyj.sessionClient.entry.SessionClient.stop(SessionClient.java:79) [pool-8-thread-1] id:8session已停止
20180607 00:36:36 INFO com.zyj.sessionClient.entry.SessionClient.stop(SessionClient.java:79) [pool-7-thread-1] id:6session已停止
20180607 00:36:36 INFO com.zyj.sessionClient.entry.SessionClient.stop(SessionClient.java:79) [pool-10-thread-1] id:9session已停止
20180607 00:36:36 INFO com.zyj.sessionClient.entry.SessionClient.stop(SessionClient.java:79) [pool-11-thread-1] id:7session已停止
20180607 00:40:49 INFO com.zyj.sessionClient.App.main(App.java:18) [main] E:\javaProject\sessionClient
20180607 00:40:49 ERROR com.zyj.sessionClient.util.PropertiesUtil.readProperties(PropertiesUtil.java:38) [pool-1-thread-1] 
20180607 00:40:49 ERROR com.zyj.sessionClient.util.PropertiesUtil.readProperties(PropertiesUtil.java:38) [pool-1-thread-3] 
20180607 00:40:49 ERROR com.zyj.sessionClient.util.PropertiesUtil.readProperties(PropertiesUtil.java:38) [pool-1-thread-2] 
20180607 00:40:49 ERROR com.zyj.sessionClient.util.PropertiesUtil.readProperties(PropertiesUtil.java:38) [pool-1-thread-4] 
20180607 00:40:49 INFO com.zyj.sessionClient.entry.SessionClient.start(SessionClient.java:51) [pool-1-thread-3] id:2session已开始url:null
20180607 00:40:49 INFO com.zyj.sessionClient.entry.SessionClient.start(SessionClient.java:51) [pool-1-thread-2] id:1session已开始url:null
20180607 00:40:49 INFO com.zyj.sessionClient.entry.SessionClient.start(SessionClient.java:51) [pool-1-thread-1] id:0session已开始url:null
20180607 00:40:49 INFO com.zyj.sessionClient.entry.SessionClient.start(SessionClient.java:51) [pool-1-thread-4] id:3session已开始url:null
20180607 00:40:49 ERROR com.zyj.sessionClient.util.PropertiesUtil.readProperties(PropertiesUtil.java:38) [pool-1-thread-4] 
20180607 00:40:49 ERROR com.zyj.sessionClient.util.PropertiesUtil.readProperties(PropertiesUtil.java:38) [pool-1-thread-3] 
20180607 00:40:49 ERROR com.zyj.sessionClient.util.PropertiesUtil.readProperties(PropertiesUtil.java:38) [pool-1-thread-2] 
20180607 00:40:49 ERROR com.zyj.sessionClient.util.PropertiesUtil.readProperties(PropertiesUtil.java:38) [pool-1-thread-1] 
20180607 00:40:49 INFO com.zyj.sessionClient.entry.SessionClient.start(SessionClient.java:51) [pool-1-thread-4] id:5session已开始url:null
20180607 00:40:49 ERROR com.zyj.sessionClient.util.PropertiesUtil.readProperties(PropertiesUtil.java:38) [pool-1-thread-4] 
20180607 00:40:49 INFO com.zyj.sessionClient.entry.SessionClient.start(SessionClient.java:51) [pool-1-thread-2] id:7session已开始url:null
20180607 00:40:49 ERROR com.zyj.sessionClient.util.PropertiesUtil.readProperties(PropertiesUtil.java:38) [pool-1-thread-2] 
20180607 00:40:49 INFO com.zyj.sessionClient.entry.SessionClient.start(SessionClient.java:51) [pool-1-thread-3] id:4session已开始url:null
20180607 00:40:49 INFO com.zyj.sessionClient.entry.SessionClient.start(SessionClient.java:51) [pool-1-thread-1] id:6session已开始url:null
20180607 00:40:49 INFO com.zyj.sessionClient.entry.SessionClient.start(SessionClient.java:51) [pool-1-thread-2] id:9session已开始url:null
20180607 00:40:49 INFO com.zyj.sessionClient.entry.SessionClient.start(SessionClient.java:51) [pool-1-thread-4] id:8session已开始url:null
20180607 00:40:54 INFO com.zyj.sessionClient.entry.SessionClient.stop(SessionClient.java:79) [pool-3-thread-1] id:3session已停止
20180607 00:40:54 INFO com.zyj.sessionClient.entry.SessionClient.stop(SessionClient.java:79) [pool-4-thread-1] id:0session已停止
20180607 00:40:54 INFO com.zyj.sessionClient.entry.SessionClient.stop(SessionClient.java:79) [pool-5-thread-1] id:1session已停止
20180607 00:40:54 INFO com.zyj.sessionClient.entry.SessionClient.stop(SessionClient.java:79) [pool-2-thread-1] id:2session已停止
20180607 00:40:54 INFO com.zyj.sessionClient.entry.SessionClient.stop(SessionClient.java:79) [pool-6-thread-1] id:5session已停止
20180607 00:40:54 INFO com.zyj.sessionClient.entry.SessionClient.stop(SessionClient.java:79) [pool-7-thread-1] id:7session已停止
20180607 00:40:54 INFO com.zyj.sessionClient.entry.SessionClient.stop(SessionClient.java:79) [pool-10-thread-1] id:9session已停止
20180607 00:40:54 INFO com.zyj.sessionClient.entry.SessionClient.stop(SessionClient.java:79) [pool-8-thread-1] id:4session已停止
20180607 00:40:54 INFO com.zyj.sessionClient.entry.SessionClient.stop(SessionClient.java:79) [pool-9-thread-1] id:6session已停止
20180607 00:40:54 INFO com.zyj.sessionClient.entry.SessionClient.stop(SessionClient.java:79) [pool-11-thread-1] id:8session已停止
20180607 00:41:38 INFO com.zyj.sessionClient.App.main(App.java:18) [main] E:\javaProject\sessionClient
20180607 00:41:38 ERROR com.zyj.sessionClient.util.PropertiesUtil.readProperties(PropertiesUtil.java:38) [pool-1-thread-3] 
20180607 00:41:38 ERROR com.zyj.sessionClient.util.PropertiesUtil.readProperties(PropertiesUtil.java:38) [pool-1-thread-4] 
20180607 00:41:38 ERROR com.zyj.sessionClient.util.PropertiesUtil.readProperties(PropertiesUtil.java:38) [pool-1-thread-2] 
20180607 00:41:38 ERROR com.zyj.sessionClient.util.PropertiesUtil.readProperties(PropertiesUtil.java:38) [pool-1-thread-1] 
20180607 00:41:38 INFO com.zyj.sessionClient.entry.SessionClient.start(SessionClient.java:51) [pool-1-thread-4] id:3session已开始url:null
20180607 00:41:38 INFO com.zyj.sessionClient.entry.SessionClient.start(SessionClient.java:51) [pool-1-thread-1] id:0session已开始url:null
20180607 00:41:38 INFO com.zyj.sessionClient.entry.SessionClient.start(SessionClient.java:51) [pool-1-thread-3] id:2session已开始url:null
20180607 00:41:38 INFO com.zyj.sessionClient.entry.SessionClient.start(SessionClient.java:51) [pool-1-thread-2] id:1session已开始url:null
20180607 00:41:38 ERROR com.zyj.sessionClient.util.PropertiesUtil.readProperties(PropertiesUtil.java:38) [pool-1-thread-2] 
20180607 00:41:38 ERROR com.zyj.sessionClient.util.PropertiesUtil.readProperties(PropertiesUtil.java:38) [pool-1-thread-4] 
20180607 00:41:38 ERROR com.zyj.sessionClient.util.PropertiesUtil.readProperties(PropertiesUtil.java:38) [pool-1-thread-3] 
20180607 00:41:38 ERROR com.zyj.sessionClient.util.PropertiesUtil.readProperties(PropertiesUtil.java:38) [pool-1-thread-1] 
20180607 00:41:38 INFO com.zyj.sessionClient.entry.SessionClient.start(SessionClient.java:51) [pool-1-thread-4] id:6session已开始url:null
20180607 00:41:38 ERROR com.zyj.sessionClient.util.PropertiesUtil.readProperties(PropertiesUtil.java:38) [pool-1-thread-4] 
20180607 00:41:38 INFO com.zyj.sessionClient.entry.SessionClient.start(SessionClient.java:51) [pool-1-thread-1] id:5session已开始url:null
20180607 00:41:38 ERROR com.zyj.sessionClient.util.PropertiesUtil.readProperties(PropertiesUtil.java:38) [pool-1-thread-1] 
20180607 00:41:38 INFO com.zyj.sessionClient.entry.SessionClient.start(SessionClient.java:51) [pool-1-thread-2] id:7session已开始url:null
20180607 00:41:38 INFO com.zyj.sessionClient.entry.SessionClient.start(SessionClient.java:51) [pool-1-thread-1] id:9session已开始url:null
20180607 00:41:38 INFO com.zyj.sessionClient.entry.SessionClient.start(SessionClient.java:51) [pool-1-thread-4] id:8session已开始url:null
20180607 00:41:38 INFO com.zyj.sessionClient.entry.SessionClient.start(SessionClient.java:51) [pool-1-thread-3] id:4session已开始url:null
20180607 00:41:43 INFO com.zyj.sessionClient.entry.SessionClient.stop(SessionClient.java:79) [pool-3-thread-1] id:0session已停止
20180607 00:41:43 INFO com.zyj.sessionClient.entry.SessionClient.stop(SessionClient.java:79) [pool-5-thread-1] id:1session已停止
20180607 00:41:43 INFO com.zyj.sessionClient.entry.SessionClient.stop(SessionClient.java:79) [pool-2-thread-1] id:3session已停止
20180607 00:41:43 INFO com.zyj.sessionClient.entry.SessionClient.stop(SessionClient.java:79) [pool-6-thread-1] id:6session已停止
20180607 00:41:43 INFO com.zyj.sessionClient.entry.SessionClient.stop(SessionClient.java:79) [pool-4-thread-1] id:2session已停止
20180607 00:41:43 INFO com.zyj.sessionClient.entry.SessionClient.stop(SessionClient.java:79) [pool-9-thread-1] id:8session已停止
20180607 00:41:43 INFO com.zyj.sessionClient.entry.SessionClient.stop(SessionClient.java:79) [pool-7-thread-1] id:5session已停止
20180607 00:41:43 INFO com.zyj.sessionClient.entry.SessionClient.stop(SessionClient.java:79) [pool-10-thread-1] id:9session已停止
20180607 00:41:43 INFO com.zyj.sessionClient.entry.SessionClient.stop(SessionClient.java:79) [pool-8-thread-1] id:7session已停止
20180607 00:41:43 INFO com.zyj.sessionClient.entry.SessionClient.stop(SessionClient.java:79) [pool-11-thread-1] id:4session已停止
20180607 00:43:22 INFO com.zyj.sessionClient.App.main(App.java:18) [main] E:\javaProject\sessionClient
20180607 00:43:22 ERROR com.zyj.sessionClient.util.PropertiesUtil.readProperties(PropertiesUtil.java:38) [pool-1-thread-2] 
20180607 00:43:22 ERROR com.zyj.sessionClient.util.PropertiesUtil.readProperties(PropertiesUtil.java:38) [pool-1-thread-1] 
20180607 00:43:22 ERROR com.zyj.sessionClient.util.PropertiesUtil.readProperties(PropertiesUtil.java:38) [pool-1-thread-4] 
20180607 00:43:22 ERROR com.zyj.sessionClient.util.PropertiesUtil.readProperties(PropertiesUtil.java:38) [pool-1-thread-3] 
20180607 00:43:23 INFO com.zyj.sessionClient.entry.SessionClient.start(SessionClient.java:51) [pool-1-thread-2] id:1session已开始url:null
20180607 00:43:23 INFO com.zyj.sessionClient.entry.SessionClient.start(SessionClient.java:51) [pool-1-thread-1] id:0session已开始url:null
20180607 00:43:23 INFO com.zyj.sessionClient.entry.SessionClient.start(SessionClient.java:51) [pool-1-thread-4] id:3session已开始url:null
20180607 00:43:23 ERROR com.zyj.sessionClient.util.PropertiesUtil.readProperties(PropertiesUtil.java:38) [pool-1-thread-2] 
20180607 00:43:23 ERROR com.zyj.sessionClient.util.PropertiesUtil.readProperties(PropertiesUtil.java:38) [pool-1-thread-1] 
20180607 00:43:23 ERROR com.zyj.sessionClient.util.PropertiesUtil.readProperties(PropertiesUtil.java:38) [pool-1-thread-4] 
20180607 00:43:23 INFO com.zyj.sessionClient.entry.SessionClient.start(SessionClient.java:51) [pool-1-thread-3] id:2session已开始url:null
20180607 00:43:23 ERROR com.zyj.sessionClient.util.PropertiesUtil.readProperties(PropertiesUtil.java:38) [pool-1-thread-3] 
20180607 00:43:23 INFO com.zyj.sessionClient.entry.SessionClient.start(SessionClient.java:51) [pool-1-thread-3] id:7session已开始url:null
20180607 00:43:23 ERROR com.zyj.sessionClient.util.PropertiesUtil.readProperties(PropertiesUtil.java:38) [pool-1-thread-3] 
20180607 00:43:23 INFO com.zyj.sessionClient.entry.SessionClient.start(SessionClient.java:51) [pool-1-thread-1] id:4session已开始url:null
20180607 00:43:23 ERROR com.zyj.sessionClient.util.PropertiesUtil.readProperties(PropertiesUtil.java:38) [pool-1-thread-1] 
20180607 00:43:23 INFO com.zyj.sessionClient.entry.SessionClient.start(SessionClient.java:51) [pool-1-thread-4] id:6session已开始url:null
20180607 00:43:23 INFO com.zyj.sessionClient.entry.SessionClient.start(SessionClient.java:51) [pool-1-thread-2] id:5session已开始url:null
20180607 00:43:23 INFO com.zyj.sessionClient.entry.SessionClient.start(SessionClient.java:51) [pool-1-thread-3] id:8session已开始url:null
20180607 00:43:23 INFO com.zyj.sessionClient.entry.SessionClient.start(SessionClient.java:51) [pool-1-thread-1] id:9session已开始url:null
20180607 00:43:28 INFO com.zyj.sessionClient.entry.SessionClient.stop(SessionClient.java:79) [pool-2-thread-1] id:0session已停止
20180607 00:43:28 INFO com.zyj.sessionClient.entry.SessionClient.stop(SessionClient.java:79) [pool-4-thread-1] id:1session已停止
20180607 00:43:28 INFO com.zyj.sessionClient.entry.SessionClient.stop(SessionClient.java:79) [pool-3-thread-1] id:3session已停止
20180607 00:43:28 INFO com.zyj.sessionClient.entry.SessionClient.stop(SessionClient.java:79) [pool-6-thread-1] id:7session已停止
20180607 00:43:28 INFO com.zyj.sessionClient.entry.SessionClient.stop(SessionClient.java:79) [pool-5-thread-1] id:2session已停止
20180607 00:43:28 INFO com.zyj.sessionClient.entry.SessionClient.stop(SessionClient.java:79) [pool-7-thread-1] id:4session已停止
20180607 00:43:28 INFO com.zyj.sessionClient.entry.SessionClient.stop(SessionClient.java:79) [pool-8-thread-1] id:6session已停止
20180607 00:43:28 INFO com.zyj.sessionClient.entry.SessionClient.stop(SessionClient.java:79) [pool-10-thread-1] id:8session已停止
20180607 00:43:28 INFO com.zyj.sessionClient.entry.SessionClient.stop(SessionClient.java:79) [pool-9-thread-1] id:5session已停止
20180607 00:43:28 INFO com.zyj.sessionClient.entry.SessionClient.stop(SessionClient.java:79) [pool-11-thread-1] id:9session已停止
20180607 00:46:00 INFO com.zyj.sessionClient.App.main(App.java:18) [main] E:\javaProject\sessionClient
20180607 00:46:01 INFO com.zyj.sessionClient.entry.SessionClient.start(SessionClient.java:51) [pool-1-thread-1] id:0session已开始url:localhost:8080
20180607 00:46:01 INFO com.zyj.sessionClient.entry.SessionClient.start(SessionClient.java:51) [pool-1-thread-2] id:1session已开始url:localhost:8080
20180607 00:46:01 INFO com.zyj.sessionClient.entry.SessionClient.start(SessionClient.java:51) [pool-1-thread-4] id:3session已开始url:localhost:8080
20180607 00:46:01 INFO com.zyj.sessionClient.entry.SessionClient.start(SessionClient.java:51) [pool-1-thread-3] id:2session已开始url:localhost:8080
20180607 00:46:01 INFO com.zyj.sessionClient.entry.SessionClient.start(SessionClient.java:51) [pool-1-thread-1] id:4session已开始url:localhost:8080
20180607 00:46:01 INFO com.zyj.sessionClient.entry.SessionClient.start(SessionClient.java:51) [pool-1-thread-3] id:7session已开始url:localhost:8080
20180607 00:46:01 INFO com.zyj.sessionClient.entry.SessionClient.start(SessionClient.java:51) [pool-1-thread-1] id:8session已开始url:localhost:8080
20180607 00:46:01 INFO com.zyj.sessionClient.entry.SessionClient.start(SessionClient.java:51) [pool-1-thread-2] id:5session已开始url:localhost:8080
20180607 00:46:01 INFO com.zyj.sessionClient.entry.SessionClient.start(SessionClient.java:51) [pool-1-thread-3] id:9session已开始url:localhost:8080
20180607 00:46:01 INFO com.zyj.sessionClient.entry.SessionClient.start(SessionClient.java:51) [pool-1-thread-4] id:6session已开始url:localhost:8080
20180607 00:46:06 INFO com.zyj.sessionClient.entry.SessionClient.stop(SessionClient.java:79) [pool-5-thread-1] id:3session已停止
20180607 00:46:06 INFO com.zyj.sessionClient.entry.SessionClient.stop(SessionClient.java:79) [pool-2-thread-1] id:0session已停止
20180607 00:46:06 INFO com.zyj.sessionClient.entry.SessionClient.stop(SessionClient.java:79) [pool-3-thread-1] id:2session已停止
20180607 00:46:06 INFO com.zyj.sessionClient.entry.SessionClient.stop(SessionClient.java:79) [pool-4-thread-1] id:1session已停止
20180607 00:46:06 INFO com.zyj.sessionClient.entry.SessionClient.stop(SessionClient.java:79) [pool-7-thread-1] id:7session已停止
20180607 00:46:06 INFO com.zyj.sessionClient.entry.SessionClient.stop(SessionClient.java:79) [pool-6-thread-1] id:4session已停止
20180607 00:46:06 INFO com.zyj.sessionClient.entry.SessionClient.stop(SessionClient.java:79) [pool-8-thread-1] id:8session已停止
20180607 00:46:06 INFO com.zyj.sessionClient.entry.SessionClient.stop(SessionClient.java:79) [pool-9-thread-1] id:9session已停止
20180607 00:46:06 INFO com.zyj.sessionClient.entry.SessionClient.stop(SessionClient.java:79) [pool-10-thread-1] id:5session已停止
20180607 00:46:06 INFO com.zyj.sessionClient.entry.SessionClient.stop(SessionClient.java:79) [pool-11-thread-1] id:6session已停止
20180607 00:50:57 INFO com.zyj.sessionClient.entry.SessionClient.start(SessionClient.java:51) [pool-1-thread-3] id:2session已开始url:localhost:8080
20180607 00:50:57 INFO com.zyj.sessionClient.entry.SessionClient.start(SessionClient.java:51) [pool-1-thread-2] id:1session已开始url:localhost:8080
20180607 00:50:57 INFO com.zyj.sessionClient.entry.SessionClient.start(SessionClient.java:51) [pool-1-thread-4] id:3session已开始url:localhost:8080
20180607 00:50:57 INFO com.zyj.sessionClient.entry.SessionClient.start(SessionClient.java:51) [pool-1-thread-1] id:0session已开始url:localhost:8080
20180607 00:50:57 INFO com.zyj.sessionClient.entry.SessionClient.start(SessionClient.java:51) [pool-1-thread-2] id:5session已开始url:localhost:8080
20180607 00:50:57 INFO com.zyj.sessionClient.entry.SessionClient.start(SessionClient.java:51) [pool-1-thread-3] id:4session已开始url:localhost:8080
20180607 00:50:57 INFO com.zyj.sessionClient.entry.SessionClient.start(SessionClient.java:51) [pool-1-thread-4] id:7session已开始url:localhost:8080
20180607 00:50:57 INFO com.zyj.sessionClient.entry.SessionClient.start(SessionClient.java:51) [pool-1-thread-2] id:8session已开始url:localhost:8080
20180607 00:50:57 INFO com.zyj.sessionClient.entry.SessionClient.start(SessionClient.java:51) [pool-1-thread-3] id:9session已开始url:localhost:8080
20180607 00:50:57 INFO com.zyj.sessionClient.entry.SessionClient.start(SessionClient.java:51) [pool-1-thread-1] id:6session已开始url:localhost:8080
20180607 00:51:02 INFO com.zyj.sessionClient.entry.SessionClient.stop(SessionClient.java:79) [pool-4-thread-1] id:0session已停止
20180607 00:51:02 INFO com.zyj.sessionClient.entry.SessionClient.stop(SessionClient.java:79) [pool-2-thread-1] id:2session已停止
20180607 00:51:02 INFO com.zyj.sessionClient.entry.SessionClient.stop(SessionClient.java:79) [pool-3-thread-1] id:1session已停止
20180607 00:51:02 INFO com.zyj.sessionClient.entry.SessionClient.stop(SessionClient.java:79) [pool-5-thread-1] id:3session已停止
20180607 00:51:02 INFO com.zyj.sessionClient.entry.SessionClient.stop(SessionClient.java:79) [pool-9-thread-1] id:8session已停止
20180607 00:51:02 INFO com.zyj.sessionClient.entry.SessionClient.stop(SessionClient.java:79) [pool-6-thread-1] id:5session已停止
20180607 00:51:02 INFO com.zyj.sessionClient.entry.SessionClient.stop(SessionClient.java:79) [pool-8-thread-1] id:7session已停止
20180607 00:51:02 INFO com.zyj.sessionClient.entry.SessionClient.stop(SessionClient.java:79) [pool-7-thread-1] id:4session已停止
20180607 00:51:02 INFO com.zyj.sessionClient.entry.SessionClient.stop(SessionClient.java:79) [pool-10-thread-1] id:6session已停止
20180607 00:51:02 INFO com.zyj.sessionClient.entry.SessionClient.stop(SessionClient.java:79) [pool-11-thread-1] id:9session已停止
20180607 00:54:49 ERROR com.zyj.sessionClient.entry.SessionClient.post(SessionClient.java:97) [pool-1-thread-2] url:localhost:8080body<?xml version="1.0" encoding="UTF-8" standalone="yes"?>
<DeliverySession>
    <DeliverySessionId>1</DeliverySessionId>
    <Action>Start</Action>
</DeliverySession>
 连接失败 
20180607 00:54:49 ERROR com.zyj.sessionClient.entry.SessionClient.post(SessionClient.java:97) [pool-1-thread-3] url:localhost:8080body<?xml version="1.0" encoding="UTF-8" standalone="yes"?>
<DeliverySession>
    <DeliverySessionId>2</DeliverySessionId>
    <Action>Start</Action>
</DeliverySession>
 连接失败 
20180607 00:54:49 INFO com.zyj.sessionClient.entry.SessionClient.start(SessionClient.java:51) [pool-1-thread-3] id:2session已开始
20180607 00:54:49 ERROR com.zyj.sessionClient.entry.SessionClient.post(SessionClient.java:97) [pool-1-thread-4] url:localhost:8080body<?xml version="1.0" encoding="UTF-8" standalone="yes"?>
<DeliverySession>
    <DeliverySessionId>3</DeliverySessionId>
    <Action>Start</Action>
</DeliverySession>
 连接失败 
20180607 00:54:49 ERROR com.zyj.sessionClient.entry.SessionClient.post(SessionClient.java:97) [pool-1-thread-1] url:localhost:8080body<?xml version="1.0" encoding="UTF-8" standalone="yes"?>
<DeliverySession>
    <DeliverySessionId>0</DeliverySessionId>
    <Action>Start</Action>
</DeliverySession>
 连接失败 
20180607 00:54:49 INFO com.zyj.sessionClient.entry.SessionClient.start(SessionClient.java:51) [pool-1-thread-4] id:3session已开始
20180607 00:54:49 INFO com.zyj.sessionClient.entry.SessionClient.start(SessionClient.java:51) [pool-1-thread-2] id:1session已开始
20180607 00:54:49 INFO com.zyj.sessionClient.entry.SessionClient.start(SessionClient.java:51) [pool-1-thread-1] id:0session已开始
20180607 00:54:50 ERROR com.zyj.sessionClient.entry.SessionClient.post(SessionClient.java:97) [pool-1-thread-2] url:localhost:8080body<?xml version="1.0" encoding="UTF-8" standalone="yes"?>
<DeliverySession>
    <DeliverySessionId>6</DeliverySessionId>
    <Action>Start</Action>
</DeliverySession>
 连接失败 
20180607 00:54:50 ERROR com.zyj.sessionClient.entry.SessionClient.post(SessionClient.java:97) [pool-1-thread-4] url:localhost:8080body<?xml version="1.0" encoding="UTF-8" standalone="yes"?>
<DeliverySession>
    <DeliverySessionId>4</DeliverySessionId>
    <Action>Start</Action>
</DeliverySession>
 连接失败 
20180607 00:54:50 INFO com.zyj.sessionClient.entry.SessionClient.start(SessionClient.java:51) [pool-1-thread-4] id:4session已开始
20180607 00:54:50 INFO com.zyj.sessionClient.entry.SessionClient.start(SessionClient.java:51) [pool-1-thread-2] id:6session已开始
20180607 00:54:50 ERROR com.zyj.sessionClient.entry.SessionClient.post(SessionClient.java:97) [pool-1-thread-1] url:localhost:8080body<?xml version="1.0" encoding="UTF-8" standalone="yes"?>
<DeliverySession>
    <DeliverySessionId>7</DeliverySessionId>
    <Action>Start</Action>
</DeliverySession>
 连接失败 
20180607 00:54:50 INFO com.zyj.sessionClient.entry.SessionClient.start(SessionClient.java:51) [pool-1-thread-1] id:7session已开始
20180607 00:54:50 ERROR com.zyj.sessionClient.entry.SessionClient.post(SessionClient.java:97) [pool-1-thread-3] url:localhost:8080body<?xml version="1.0" encoding="UTF-8" standalone="yes"?>
<DeliverySession>
    <DeliverySessionId>5</DeliverySessionId>
    <Action>Start</Action>
</DeliverySession>
 连接失败 
20180607 00:54:50 INFO com.zyj.sessionClient.entry.SessionClient.start(SessionClient.java:51) [pool-1-thread-3] id:5session已开始
20180607 00:54:52 ERROR com.zyj.sessionClient.entry.SessionClient.post(SessionClient.java:97) [pool-1-thread-4] url:localhost:8080body<?xml version="1.0" encoding="UTF-8" standalone="yes"?>
<DeliverySession>
    <DeliverySessionId>8</DeliverySessionId>
    <Action>Start</Action>
</DeliverySession>
 连接失败 
20180607 00:54:52 INFO com.zyj.sessionClient.entry.SessionClient.start(SessionClient.java:51) [pool-1-thread-4] id:8session已开始
20180607 00:54:52 ERROR com.zyj.sessionClient.entry.SessionClient.post(SessionClient.java:97) [pool-1-thread-2] url:localhost:8080body<?xml version="1.0" encoding="UTF-8" standalone="yes"?>
<DeliverySession>
    <DeliverySessionId>9</DeliverySessionId>
    <Action>Start</Action>
</DeliverySession>
 连接失败 
20180607 00:54:52 INFO com.zyj.sessionClient.entry.SessionClient.start(SessionClient.java:51) [pool-1-thread-2] id:9session已开始
20180607 00:54:55 ERROR com.zyj.sessionClient.entry.SessionClient.post(SessionClient.java:97) [pool-2-thread-1] url:localhost:8080body<?xml version="1.0" encoding="UTF-8" standalone="yes"?>
<DeliverySession>
    <DeliverySessionId>2</DeliverySessionId>
    <Action>Stop</Action>
</DeliverySession>
 连接失败 
20180607 00:54:55 ERROR com.zyj.sessionClient.entry.SessionClient.post(SessionClient.java:97) [pool-5-thread-1] url:localhost:8080body<?xml version="1.0" encoding="UTF-8" standalone="yes"?>
<DeliverySession>
    <DeliverySessionId>0</DeliverySessionId>
    <Action>Stop</Action>
</DeliverySession>
 连接失败 
20180607 00:54:55 INFO com.zyj.sessionClient.entry.SessionClient.stop(SessionClient.java:79) [pool-2-thread-1] id:2session已停止
20180607 00:54:55 INFO com.zyj.sessionClient.entry.SessionClient.stop(SessionClient.java:79) [pool-5-thread-1] id:0session已停止
20180607 00:54:55 ERROR com.zyj.sessionClient.entry.SessionClient.post(SessionClient.java:97) [pool-3-thread-1] url:localhost:8080body<?xml version="1.0" encoding="UTF-8" standalone="yes"?>
<DeliverySession>
    <DeliverySessionId>3</DeliverySessionId>
    <Action>Stop</Action>
</DeliverySession>
 连接失败 
20180607 00:54:55 ERROR com.zyj.sessionClient.entry.SessionClient.post(SessionClient.java:97) [pool-4-thread-1] url:localhost:8080body<?xml version="1.0" encoding="UTF-8" standalone="yes"?>
<DeliverySession>
    <DeliverySessionId>1</DeliverySessionId>
    <Action>Stop</Action>
</DeliverySession>
 连接失败 
20180607 00:54:55 INFO com.zyj.sessionClient.entry.SessionClient.stop(SessionClient.java:79) [pool-3-thread-1] id:3session已停止
20180607 00:54:55 INFO com.zyj.sessionClient.entry.SessionClient.stop(SessionClient.java:79) [pool-4-thread-1] id:1session已停止
20180607 00:54:57 ERROR com.zyj.sessionClient.entry.SessionClient.post(SessionClient.java:97) [pool-6-thread-1] url:localhost:8080body<?xml version="1.0" encoding="UTF-8" standalone="yes"?>
<DeliverySession>
    <DeliverySessionId>4</DeliverySessionId>
    <Action>Stop</Action>
</DeliverySession>
 连接失败 
20180607 00:54:57 INFO com.zyj.sessionClient.entry.SessionClient.stop(SessionClient.java:79) [pool-6-thread-1] id:4session已停止
20180607 00:54:57 ERROR com.zyj.sessionClient.entry.SessionClient.post(SessionClient.java:97) [pool-7-thread-1] url:localhost:8080body<?xml version="1.0" encoding="UTF-8" standalone="yes"?>
<DeliverySession>
    <DeliverySessionId>6</DeliverySessionId>
    <Action>Stop</Action>
</DeliverySession>
 连接失败 
20180607 00:54:57 INFO com.zyj.sessionClient.entry.SessionClient.stop(SessionClient.java:79) [pool-7-thread-1] id:6session已停止
20180607 00:54:57 ERROR com.zyj.sessionClient.entry.SessionClient.post(SessionClient.java:97) [pool-8-thread-1] url:localhost:8080body<?xml version="1.0" encoding="UTF-8" standalone="yes"?>
<DeliverySession>
    <DeliverySessionId>7</DeliverySessionId>
    <Action>Stop</Action>
</DeliverySession>
 连接失败 
20180607 00:54:57 INFO com.zyj.sessionClient.entry.SessionClient.stop(SessionClient.java:79) [pool-8-thread-1] id:7session已停止
20180607 00:54:57 ERROR com.zyj.sessionClient.entry.SessionClient.post(SessionClient.java:97) [pool-9-thread-1] url:localhost:8080body<?xml version="1.0" encoding="UTF-8" standalone="yes"?>
<DeliverySession>
    <DeliverySessionId>5</DeliverySessionId>
    <Action>Stop</Action>
</DeliverySession>
 连接失败 
20180607 00:54:57 INFO com.zyj.sessionClient.entry.SessionClient.stop(SessionClient.java:79) [pool-9-thread-1] id:5session已停止
20180607 00:54:58 ERROR com.zyj.sessionClient.entry.SessionClient.post(SessionClient.java:97) [pool-10-thread-1] url:localhost:8080body<?xml version="1.0" encoding="UTF-8" standalone="yes"?>
<DeliverySession>
    <DeliverySessionId>8</DeliverySessionId>
    <Action>Stop</Action>
</DeliverySession>
 连接失败 
20180607 00:54:58 INFO com.zyj.sessionClient.entry.SessionClient.stop(SessionClient.java:79) [pool-10-thread-1] id:8session已停止
20180607 00:54:58 ERROR com.zyj.sessionClient.entry.SessionClient.post(SessionClient.java:97) [pool-11-thread-1] url:localhost:8080body<?xml version="1.0" encoding="UTF-8" standalone="yes"?>
<DeliverySession>
    <DeliverySessionId>9</DeliverySessionId>
    <Action>Stop</Action>
</DeliverySession>
 连接失败 
20180607 00:54:58 INFO com.zyj.sessionClient.entry.SessionClient.stop(SessionClient.java:79) [pool-11-thread-1] id:9session已停止
20180607 00:59:49 ERROR com.zyj.sessionClient.entry.SessionClient.post(SessionClient.java:97) [pool-1-thread-4] url:localhost:8080body<?xml version="1.0" encoding="UTF-8" standalone="yes"?>
<DeliverySession>
    <DeliverySessionId>3</DeliverySessionId>
    <Action>Start</Action>
</DeliverySession>
 连接失败 
20180607 00:59:49 ERROR com.zyj.sessionClient.entry.SessionClient.post(SessionClient.java:97) [pool-1-thread-3] url:localhost:8080body<?xml version="1.0" encoding="UTF-8" standalone="yes"?>
<DeliverySession>
    <DeliverySessionId>2</DeliverySessionId>
    <Action>Start</Action>
</DeliverySession>
 连接失败 
20180607 00:59:49 ERROR com.zyj.sessionClient.entry.SessionClient.post(SessionClient.java:97) [pool-1-thread-2] url:localhost:8080body<?xml version="1.0" encoding="UTF-8" standalone="yes"?>
<DeliverySession>
    <DeliverySessionId>1</DeliverySessionId>
    <Action>Start</Action>
</DeliverySession>
 连接失败 
20180607 00:59:49 ERROR com.zyj.sessionClient.entry.SessionClient.post(SessionClient.java:97) [pool-1-thread-1] url:localhost:8080body<?xml version="1.0" encoding="UTF-8" standalone="yes"?>
<DeliverySession>
    <DeliverySessionId>0</DeliverySessionId>
    <Action>Start</Action>
</DeliverySession>
 连接失败 
20180607 00:59:49 INFO com.zyj.sessionClient.entry.SessionClient.start(SessionClient.java:51) [pool-1-thread-2] id:1session已开始
20180607 00:59:49 INFO com.zyj.sessionClient.entry.SessionClient.start(SessionClient.java:51) [pool-1-thread-3] id:2session已开始
20180607 00:59:49 INFO com.zyj.sessionClient.entry.SessionClient.start(SessionClient.java:51) [pool-1-thread-4] id:3session已开始
20180607 00:59:49 INFO com.zyj.sessionClient.entry.SessionClient.start(SessionClient.java:51) [pool-1-thread-1] id:0session已开始
20180607 00:59:50 ERROR com.zyj.sessionClient.entry.SessionClient.post(SessionClient.java:97) [pool-1-thread-4] url:localhost:8080body<?xml version="1.0" encoding="UTF-8" standalone="yes"?>
<DeliverySession>
    <DeliverySessionId>4</DeliverySessionId>
    <Action>Start</Action>
</DeliverySession>
 连接失败 
20180607 00:59:50 ERROR com.zyj.sessionClient.entry.SessionClient.post(SessionClient.java:97) [pool-1-thread-3] url:localhost:8080body<?xml version="1.0" encoding="UTF-8" standalone="yes"?>
<DeliverySession>
    <DeliverySessionId>7</DeliverySessionId>
    <Action>Start</Action>
</DeliverySession>
 连接失败 
20180607 00:59:50 INFO com.zyj.sessionClient.entry.SessionClient.start(SessionClient.java:51) [pool-1-thread-3] id:7session已开始
20180607 00:59:50 INFO com.zyj.sessionClient.entry.SessionClient.start(SessionClient.java:51) [pool-1-thread-4] id:4session已开始
20180607 00:59:50 ERROR com.zyj.sessionClient.entry.SessionClient.post(SessionClient.java:97) [pool-1-thread-1] url:localhost:8080body<?xml version="1.0" encoding="UTF-8" standalone="yes"?>
<DeliverySession>
    <DeliverySessionId>6</DeliverySessionId>
    <Action>Start</Action>
</DeliverySession>
 连接失败 
20180607 00:59:50 INFO com.zyj.sessionClient.entry.SessionClient.start(SessionClient.java:51) [pool-1-thread-1] id:6session已开始
20180607 00:59:50 ERROR com.zyj.sessionClient.entry.SessionClient.post(SessionClient.java:97) [pool-1-thread-2] url:localhost:8080body<?xml version="1.0" encoding="UTF-8" standalone="yes"?>
<DeliverySession>
    <DeliverySessionId>5</DeliverySessionId>
    <Action>Start</Action>
</DeliverySession>
 连接失败 
20180607 00:59:50 INFO com.zyj.sessionClient.entry.SessionClient.start(SessionClient.java:51) [pool-1-thread-2] id:5session已开始
20180607 00:59:52 ERROR com.zyj.sessionClient.entry.SessionClient.post(SessionClient.java:97) [pool-1-thread-3] url:localhost:8080body<?xml version="1.0" encoding="UTF-8" standalone="yes"?>
<DeliverySession>
    <DeliverySessionId>8</DeliverySessionId>
    <Action>Start</Action>
</DeliverySession>
 连接失败 
20180607 00:59:52 INFO com.zyj.sessionClient.entry.SessionClient.start(SessionClient.java:51) [pool-1-thread-3] id:8session已开始
20180607 00:59:52 ERROR com.zyj.sessionClient.entry.SessionClient.post(SessionClient.java:97) [pool-1-thread-4] url:localhost:8080body<?xml version="1.0" encoding="UTF-8" standalone="yes"?>
<DeliverySession>
    <DeliverySessionId>9</DeliverySessionId>
    <Action>Start</Action>
</DeliverySession>
 连接失败 
20180607 00:59:52 INFO com.zyj.sessionClient.entry.SessionClient.start(SessionClient.java:51) [pool-1-thread-4] id:9session已开始
20180607 00:59:55 ERROR com.zyj.sessionClient.entry.SessionClient.post(SessionClient.java:97) [pool-5-thread-1] url:localhost:8080body<?xml version="1.0" encoding="UTF-8" standalone="yes"?>
<DeliverySession>
    <DeliverySessionId>1</DeliverySessionId>
    <Action>Stop</Action>
</DeliverySession>
 连接失败 
20180607 00:59:55 INFO com.zyj.sessionClient.entry.SessionClient.stop(SessionClient.java:79) [pool-5-thread-1] id:1session已停止
20180607 00:59:55 ERROR com.zyj.sessionClient.entry.SessionClient.post(SessionClient.java:97) [pool-3-thread-1] url:localhost:8080body<?xml version="1.0" encoding="UTF-8" standalone="yes"?>
<DeliverySession>
    <DeliverySessionId>0</DeliverySessionId>
    <Action>Stop</Action>
</DeliverySession>
 连接失败 
20180607 00:59:55 ERROR com.zyj.sessionClient.entry.SessionClient.post(SessionClient.java:97) [pool-4-thread-1] url:localhost:8080body<?xml version="1.0" encoding="UTF-8" standalone="yes"?>
<DeliverySession>
    <DeliverySessionId>2</DeliverySessionId>
    <Action>Stop</Action>
</DeliverySession>
 连接失败 
20180607 00:59:55 INFO com.zyj.sessionClient.entry.SessionClient.stop(SessionClient.java:79) [pool-4-thread-1] id:2session已停止
20180607 00:59:55 ERROR com.zyj.sessionClient.entry.SessionClient.post(SessionClient.java:97) [pool-2-thread-1] url:localhost:8080body<?xml version="1.0" encoding="UTF-8" standalone="yes"?>
<DeliverySession>
    <DeliverySessionId>3</DeliverySessionId>
    <Action>Stop</Action>
</DeliverySession>
 连接失败 
20180607 00:59:55 INFO com.zyj.sessionClient.entry.SessionClient.stop(SessionClient.java:79) [pool-3-thread-1] id:0session已停止
20180607 00:59:55 INFO com.zyj.sessionClient.entry.SessionClient.stop(SessionClient.java:79) [pool-2-thread-1] id:3session已停止
20180607 00:59:57 ERROR com.zyj.sessionClient.entry.SessionClient.post(SessionClient.java:97) [pool-6-thread-1] url:localhost:8080body<?xml version="1.0" encoding="UTF-8" standalone="yes"?>
<DeliverySession>
    <DeliverySessionId>7</DeliverySessionId>
    <Action>Stop</Action>
</DeliverySession>
 连接失败 
20180607 00:59:57 INFO com.zyj.sessionClient.entry.SessionClient.stop(SessionClient.java:79) [pool-6-thread-1] id:7session已停止
20180607 00:59:57 ERROR com.zyj.sessionClient.entry.SessionClient.post(SessionClient.java:97) [pool-7-thread-1] url:localhost:8080body<?xml version="1.0" encoding="UTF-8" standalone="yes"?>
<DeliverySession>
    <DeliverySessionId>4</DeliverySessionId>
    <Action>Stop</Action>
</DeliverySession>
 连接失败 
20180607 00:59:57 INFO com.zyj.sessionClient.entry.SessionClient.stop(SessionClient.java:79) [pool-7-thread-1] id:4session已停止
20180607 00:59:57 ERROR com.zyj.sessionClient.entry.SessionClient.post(SessionClient.java:97) [pool-8-thread-1] url:localhost:8080body<?xml version="1.0" encoding="UTF-8" standalone="yes"?>
<DeliverySession>
    <DeliverySessionId>6</DeliverySessionId>
    <Action>Stop</Action>
</DeliverySession>
 连接失败 
20180607 00:59:57 ERROR com.zyj.sessionClient.entry.SessionClient.post(SessionClient.java:97) [pool-9-thread-1] url:localhost:8080body<?xml version="1.0" encoding="UTF-8" standalone="yes"?>
<DeliverySession>
    <DeliverySessionId>5</DeliverySessionId>
    <Action>Stop</Action>
</DeliverySession>
 连接失败 
20180607 00:59:57 INFO com.zyj.sessionClient.entry.SessionClient.stop(SessionClient.java:79) [pool-9-thread-1] id:5session已停止
20180607 00:59:57 INFO com.zyj.sessionClient.entry.SessionClient.stop(SessionClient.java:79) [pool-8-thread-1] id:6session已停止
20180607 00:59:58 ERROR com.zyj.sessionClient.entry.SessionClient.post(SessionClient.java:97) [pool-10-thread-1] url:localhost:8080body<?xml version="1.0" encoding="UTF-8" standalone="yes"?>
<DeliverySession>
    <DeliverySessionId>8</DeliverySessionId>
    <Action>Stop</Action>
</DeliverySession>
 连接失败 
20180607 00:59:58 INFO com.zyj.sessionClient.entry.SessionClient.stop(SessionClient.java:79) [pool-10-thread-1] id:8session已停止
20180607 00:59:58 ERROR com.zyj.sessionClient.entry.SessionClient.post(SessionClient.java:97) [pool-11-thread-1] url:localhost:8080body<?xml version="1.0" encoding="UTF-8" standalone="yes"?>
<DeliverySession>
    <DeliverySessionId>9</DeliverySessionId>
    <Action>Stop</Action>
</DeliverySession>
 连接失败 
20180607 00:59:58 INFO com.zyj.sessionClient.entry.SessionClient.stop(SessionClient.java:79) [pool-11-thread-1] id:9session已停止
20180607 01:01:47 ERROR com.zyj.sessionClient.entry.SessionClient.post(SessionClient.java:97) [pool-1-thread-2] url:localhost:8080body<?xml version="1.0" encoding="UTF-8" standalone="yes"?>
<DeliverySession>
    <DeliverySessionId>1</DeliverySessionId>
    <Action>Start</Action>
</DeliverySession>
 连接失败 
20180607 01:01:47 INFO com.zyj.sessionClient.entry.SessionClient.start(SessionClient.java:53) [pool-1-thread-2] id:1session已开始
20180607 01:01:47 ERROR com.zyj.sessionClient.entry.SessionClient.post(SessionClient.java:97) [pool-1-thread-3] url:localhost:8080body<?xml version="1.0" encoding="UTF-8" standalone="yes"?>
<DeliverySession>
    <DeliverySessionId>2</DeliverySessionId>
    <Action>Start</Action>
</DeliverySession>
 连接失败 
20180607 01:01:47 INFO com.zyj.sessionClient.entry.SessionClient.start(SessionClient.java:53) [pool-1-thread-3] id:2session已开始
20180607 01:01:47 ERROR com.zyj.sessionClient.entry.SessionClient.post(SessionClient.java:97) [pool-1-thread-1] url:localhost:8080body<?xml version="1.0" encoding="UTF-8" standalone="yes"?>
<DeliverySession>
    <DeliverySessionId>0</DeliverySessionId>
    <Action>Start</Action>
</DeliverySession>
 连接失败 
20180607 01:01:47 INFO com.zyj.sessionClient.entry.SessionClient.start(SessionClient.java:53) [pool-1-thread-1] id:0session已开始
20180607 01:01:47 ERROR com.zyj.sessionClient.entry.SessionClient.post(SessionClient.java:97) [pool-1-thread-4] url:localhost:8080body<?xml version="1.0" encoding="UTF-8" standalone="yes"?>
<DeliverySession>
    <DeliverySessionId>3</DeliverySessionId>
    <Action>Start</Action>
</DeliverySession>
 连接失败 
20180607 01:01:47 INFO com.zyj.sessionClient.entry.SessionClient.start(SessionClient.java:53) [pool-1-thread-4] id:3session已开始
20180607 01:01:48 ERROR com.zyj.sessionClient.entry.SessionClient.post(SessionClient.java:97) [pool-1-thread-3] url:localhost:8080body<?xml version="1.0" encoding="UTF-8" standalone="yes"?>
<DeliverySession>
    <DeliverySessionId>5</DeliverySessionId>
    <Action>Start</Action>
</DeliverySession>
 连接失败 
20180607 01:01:48 ERROR com.zyj.sessionClient.entry.SessionClient.post(SessionClient.java:97) [pool-1-thread-2] url:localhost:8080body<?xml version="1.0" encoding="UTF-8" standalone="yes"?>
<DeliverySession>
    <DeliverySessionId>4</DeliverySessionId>
    <Action>Start</Action>
</DeliverySession>
 连接失败 
20180607 01:01:48 INFO com.zyj.sessionClient.entry.SessionClient.start(SessionClient.java:53) [pool-1-thread-3] id:5session已开始
20180607 01:01:48 ERROR com.zyj.sessionClient.entry.SessionClient.post(SessionClient.java:97) [pool-1-thread-1] url:localhost:8080body<?xml version="1.0" encoding="UTF-8" standalone="yes"?>
<DeliverySession>
    <DeliverySessionId>6</DeliverySessionId>
    <Action>Start</Action>
</DeliverySession>
 连接失败 
20180607 01:01:48 INFO com.zyj.sessionClient.entry.SessionClient.start(SessionClient.java:53) [pool-1-thread-1] id:6session已开始
20180607 01:01:48 INFO com.zyj.sessionClient.entry.SessionClient.start(SessionClient.java:53) [pool-1-thread-2] id:4session已开始
20180607 01:01:48 ERROR com.zyj.sessionClient.entry.SessionClient.post(SessionClient.java:97) [pool-1-thread-4] url:localhost:8080body<?xml version="1.0" encoding="UTF-8" standalone="yes"?>
<DeliverySession>
    <DeliverySessionId>7</DeliverySessionId>
    <Action>Start</Action>
</DeliverySession>
 连接失败 
20180607 01:01:48 INFO com.zyj.sessionClient.entry.SessionClient.start(SessionClient.java:53) [pool-1-thread-4] id:7session已开始
20180607 01:01:50 ERROR com.zyj.sessionClient.entry.SessionClient.post(SessionClient.java:97) [pool-1-thread-1] url:localhost:8080body<?xml version="1.0" encoding="UTF-8" standalone="yes"?>
<DeliverySession>
    <DeliverySessionId>9</DeliverySessionId>
    <Action>Start</Action>
</DeliverySession>
 连接失败 
20180607 01:01:50 INFO com.zyj.sessionClient.entry.SessionClient.start(SessionClient.java:53) [pool-1-thread-1] id:9session已开始
20180607 01:01:50 ERROR com.zyj.sessionClient.entry.SessionClient.post(SessionClient.java:97) [pool-1-thread-3] url:localhost:8080body<?xml version="1.0" encoding="UTF-8" standalone="yes"?>
<DeliverySession>
    <DeliverySessionId>8</DeliverySessionId>
    <Action>Start</Action>
</DeliverySession>
 连接失败 
20180607 01:01:50 INFO com.zyj.sessionClient.entry.SessionClient.start(SessionClient.java:53) [pool-1-thread-3] id:8session已开始
20180607 01:01:53 ERROR com.zyj.sessionClient.entry.SessionClient.post(SessionClient.java:97) [pool-3-thread-1] url:localhost:8080body<?xml version="1.0" encoding="UTF-8" standalone="yes"?>
<DeliverySession>
    <DeliverySessionId>2</DeliverySessionId>
    <Action>Stop</Action>
</DeliverySession>
 连接失败 
20180607 01:01:53 ERROR com.zyj.sessionClient.entry.SessionClient.post(SessionClient.java:97) [pool-2-thread-1] url:localhost:8080body<?xml version="1.0" encoding="UTF-8" standalone="yes"?>
<DeliverySession>
    <DeliverySessionId>1</DeliverySessionId>
    <Action>Stop</Action>
</DeliverySession>
 连接失败 
20180607 01:01:53 ERROR com.zyj.sessionClient.entry.SessionClient.post(SessionClient.java:97) [pool-4-thread-1] url:localhost:8080body<?xml version="1.0" encoding="UTF-8" standalone="yes"?>
<DeliverySession>
    <DeliverySessionId>0</DeliverySessionId>
    <Action>Stop</Action>
</DeliverySession>
 连接失败 
20180607 01:01:53 INFO com.zyj.sessionClient.entry.SessionClient.stop(SessionClient.java:81) [pool-2-thread-1] id:1session已停止
20180607 01:01:53 INFO com.zyj.sessionClient.entry.SessionClient.stop(SessionClient.java:81) [pool-3-thread-1] id:2session已停止
20180607 01:01:53 ERROR com.zyj.sessionClient.entry.SessionClient.post(SessionClient.java:97) [pool-5-thread-1] url:localhost:8080body<?xml version="1.0" encoding="UTF-8" standalone="yes"?>
<DeliverySession>
    <DeliverySessionId>3</DeliverySessionId>
    <Action>Stop</Action>
</DeliverySession>
 连接失败 
20180607 01:01:53 INFO com.zyj.sessionClient.entry.SessionClient.stop(SessionClient.java:81) [pool-4-thread-1] id:0session已停止
20180607 01:01:53 INFO com.zyj.sessionClient.entry.SessionClient.stop(SessionClient.java:81) [pool-5-thread-1] id:3session已停止
20180607 01:01:54 ERROR com.zyj.sessionClient.entry.SessionClient.post(SessionClient.java:97) [pool-6-thread-1] url:localhost:8080body<?xml version="1.0" encoding="UTF-8" standalone="yes"?>
<DeliverySession>
    <DeliverySessionId>5</DeliverySessionId>
    <Action>Stop</Action>
</DeliverySession>
 连接失败 
20180607 01:01:54 INFO com.zyj.sessionClient.entry.SessionClient.stop(SessionClient.java:81) [pool-6-thread-1] id:5session已停止
20180607 01:01:55 ERROR com.zyj.sessionClient.entry.SessionClient.post(SessionClient.java:97) [pool-7-thread-1] url:localhost:8080body<?xml version="1.0" encoding="UTF-8" standalone="yes"?>
<DeliverySession>
    <DeliverySessionId>6</DeliverySessionId>
    <Action>Stop</Action>
</DeliverySession>
 连接失败 
20180607 01:01:55 INFO com.zyj.sessionClient.entry.SessionClient.stop(SessionClient.java:81) [pool-7-thread-1] id:6session已停止
20180607 01:01:55 ERROR com.zyj.sessionClient.entry.SessionClient.post(SessionClient.java:97) [pool-8-thread-1] url:localhost:8080body<?xml version="1.0" encoding="UTF-8" standalone="yes"?>
<DeliverySession>
    <DeliverySessionId>4</DeliverySessionId>
    <Action>Stop</Action>
</DeliverySession>
 连接失败 
20180607 01:01:55 INFO com.zyj.sessionClient.entry.SessionClient.stop(SessionClient.java:81) [pool-8-thread-1] id:4session已停止
20180607 01:01:55 ERROR com.zyj.sessionClient.entry.SessionClient.post(SessionClient.java:97) [pool-9-thread-1] url:localhost:8080body<?xml version="1.0" encoding="UTF-8" standalone="yes"?>
<DeliverySession>
    <DeliverySessionId>7</DeliverySessionId>
    <Action>Stop</Action>
</DeliverySession>
 连接失败 
20180607 01:01:55 INFO com.zyj.sessionClient.entry.SessionClient.stop(SessionClient.java:81) [pool-9-thread-1] id:7session已停止
20180607 01:01:56 ERROR com.zyj.sessionClient.entry.SessionClient.post(SessionClient.java:97) [pool-10-thread-1] url:localhost:8080body<?xml version="1.0" encoding="UTF-8" standalone="yes"?>
<DeliverySession>
    <DeliverySessionId>9</DeliverySessionId>
    <Action>Stop</Action>
</DeliverySession>
 连接失败 
20180607 01:01:56 INFO com.zyj.sessionClient.entry.SessionClient.stop(SessionClient.java:81) [pool-10-thread-1] id:9session已停止
20180607 01:01:56 ERROR com.zyj.sessionClient.entry.SessionClient.post(SessionClient.java:97) [pool-11-thread-1] url:localhost:8080body<?xml version="1.0" encoding="UTF-8" standalone="yes"?>
<DeliverySession>
    <DeliverySessionId>8</DeliverySessionId>
    <Action>Stop</Action>
</DeliverySession>
 连接失败 
20180607 01:01:56 INFO com.zyj.sessionClient.entry.SessionClient.stop(SessionClient.java:81) [pool-11-thread-1] id:8session已停止
20180607 01:05:23 INFO com.zyj.sessionClient.App.main(App.java:37) [main] 程序结束
20180607 01:05:24 ERROR com.zyj.sessionClient.entry.SessionClient.post(SessionClient.java:97) [pool-1-thread-3] url:localhost:8080body<?xml version="1.0" encoding="UTF-8" standalone="yes"?>
<DeliverySession>
    <DeliverySessionId>2</DeliverySessionId>
    <Action>Start</Action>
</DeliverySession>
 连接失败 
20180607 01:05:24 ERROR com.zyj.sessionClient.entry.SessionClient.post(SessionClient.java:97) [pool-1-thread-4] url:localhost:8080body<?xml version="1.0" encoding="UTF-8" standalone="yes"?>
<DeliverySession>
    <DeliverySessionId>3</DeliverySessionId>
    <Action>Start</Action>
</DeliverySession>
 连接失败 
20180607 01:05:24 INFO com.zyj.sessionClient.entry.SessionClient.start(SessionClient.java:53) [pool-1-thread-4] id:3session已开始
20180607 01:05:24 ERROR com.zyj.sessionClient.entry.SessionClient.post(SessionClient.java:97) [pool-1-thread-2] url:localhost:8080body<?xml version="1.0" encoding="UTF-8" standalone="yes"?>
<DeliverySession>
    <DeliverySessionId>1</DeliverySessionId>
    <Action>Start</Action>
</DeliverySession>
 连接失败 
20180607 01:05:24 ERROR com.zyj.sessionClient.entry.SessionClient.post(SessionClient.java:97) [pool-1-thread-1] url:localhost:8080body<?xml version="1.0" encoding="UTF-8" standalone="yes"?>
<DeliverySession>
    <DeliverySessionId>0</DeliverySessionId>
    <Action>Start</Action>
</DeliverySession>
 连接失败 
20180607 01:05:24 INFO com.zyj.sessionClient.entry.SessionClient.start(SessionClient.java:53) [pool-1-thread-3] id:2session已开始
20180607 01:05:24 INFO com.zyj.sessionClient.entry.SessionClient.start(SessionClient.java:53) [pool-1-thread-1] id:0session已开始
20180607 01:05:24 INFO com.zyj.sessionClient.entry.SessionClient.start(SessionClient.java:53) [pool-1-thread-2] id:1session已开始
20180607 01:05:26 ERROR com.zyj.sessionClient.entry.SessionClient.post(SessionClient.java:97) [pool-1-thread-2] url:localhost:8080body<?xml version="1.0" encoding="UTF-8" standalone="yes"?>
<DeliverySession>
    <DeliverySessionId>6</DeliverySessionId>
    <Action>Start</Action>
</DeliverySession>
 连接失败 
20180607 01:05:26 ERROR com.zyj.sessionClient.entry.SessionClient.post(SessionClient.java:97) [pool-1-thread-1] url:localhost:8080body<?xml version="1.0" encoding="UTF-8" standalone="yes"?>
<DeliverySession>
    <DeliverySessionId>5</DeliverySessionId>
    <Action>Start</Action>
</DeliverySession>
 连接失败 
20180607 01:05:26 INFO com.zyj.sessionClient.entry.SessionClient.start(SessionClient.java:53) [pool-1-thread-2] id:6session已开始
20180607 01:05:26 ERROR com.zyj.sessionClient.entry.SessionClient.post(SessionClient.java:97) [pool-1-thread-3] url:localhost:8080body<?xml version="1.0" encoding="UTF-8" standalone="yes"?>
<DeliverySession>
    <DeliverySessionId>4</DeliverySessionId>
    <Action>Start</Action>
</DeliverySession>
 连接失败 
20180607 01:05:26 INFO com.zyj.sessionClient.entry.SessionClient.start(SessionClient.java:53) [pool-1-thread-1] id:5session已开始
20180607 01:05:26 INFO com.zyj.sessionClient.entry.SessionClient.start(SessionClient.java:53) [pool-1-thread-3] id:4session已开始
20180607 01:05:26 ERROR com.zyj.sessionClient.entry.SessionClient.post(SessionClient.java:97) [pool-1-thread-4] url:localhost:8080body<?xml version="1.0" encoding="UTF-8" standalone="yes"?>
<DeliverySession>
    <DeliverySessionId>7</DeliverySessionId>
    <Action>Start</Action>
</DeliverySession>
 连接失败 
20180607 01:05:26 INFO com.zyj.sessionClient.entry.SessionClient.start(SessionClient.java:53) [pool-1-thread-4] id:7session已开始
20180607 01:05:27 ERROR com.zyj.sessionClient.entry.SessionClient.post(SessionClient.java:97) [pool-1-thread-2] url:localhost:8080body<?xml version="1.0" encoding="UTF-8" standalone="yes"?>
<DeliverySession>
    <DeliverySessionId>8</DeliverySessionId>
    <Action>Start</Action>
</DeliverySession>
 连接失败 
20180607 01:05:27 INFO com.zyj.sessionClient.entry.SessionClient.start(SessionClient.java:53) [pool-1-thread-2] id:8session已开始
20180607 01:05:27 ERROR com.zyj.sessionClient.entry.SessionClient.post(SessionClient.java:97) [pool-1-thread-1] url:localhost:8080body<?xml version="1.0" encoding="UTF-8" standalone="yes"?>
<DeliverySession>
    <DeliverySessionId>9</DeliverySessionId>
    <Action>Start</Action>
</DeliverySession>
 连接失败 
20180607 01:05:27 INFO com.zyj.sessionClient.entry.SessionClient.start(SessionClient.java:53) [pool-1-thread-1] id:9session已开始
20180607 01:05:31 ERROR com.zyj.sessionClient.entry.SessionClient.post(SessionClient.java:97) [pool-5-thread-1] url:localhost:8080body<?xml version="1.0" encoding="UTF-8" standalone="yes"?>
<DeliverySession>
    <DeliverySessionId>3</DeliverySessionId>
    <Action>Stop</Action>
</DeliverySession>
 连接失败 
20180607 01:05:31 ERROR com.zyj.sessionClient.entry.SessionClient.post(SessionClient.java:97) [pool-3-thread-1] url:localhost:8080body<?xml version="1.0" encoding="UTF-8" standalone="yes"?>
<DeliverySession>
    <DeliverySessionId>1</DeliverySessionId>
    <Action>Stop</Action>
</DeliverySession>
 连接失败 
20180607 01:05:31 INFO com.zyj.sessionClient.entry.SessionClient.stop(SessionClient.java:81) [pool-5-thread-1] id:3session已停止
20180607 01:05:31 ERROR com.zyj.sessionClient.entry.SessionClient.post(SessionClient.java:97) [pool-4-thread-1] url:localhost:8080body<?xml version="1.0" encoding="UTF-8" standalone="yes"?>
<DeliverySession>
    <DeliverySessionId>0</DeliverySessionId>
    <Action>Stop</Action>
</DeliverySession>
 连接失败 
20180607 01:05:31 INFO com.zyj.sessionClient.entry.SessionClient.stop(SessionClient.java:81) [pool-4-thread-1] id:0session已停止
20180607 01:05:31 INFO com.zyj.sessionClient.entry.SessionClient.stop(SessionClient.java:81) [pool-3-thread-1] id:1session已停止
20180607 01:05:31 ERROR com.zyj.sessionClient.entry.SessionClient.post(SessionClient.java:97) [pool-2-thread-1] url:localhost:8080body<?xml version="1.0" encoding="UTF-8" standalone="yes"?>
<DeliverySession>
    <DeliverySessionId>2</DeliverySessionId>
    <Action>Stop</Action>
</DeliverySession>
 连接失败 
20180607 01:05:31 INFO com.zyj.sessionClient.entry.SessionClient.stop(SessionClient.java:81) [pool-2-thread-1] id:2session已停止
20180607 01:05:32 ERROR com.zyj.sessionClient.entry.SessionClient.post(SessionClient.java:97) [pool-7-thread-1] url:localhost:8080body<?xml version="1.0" encoding="UTF-8" standalone="yes"?>
<DeliverySession>
    <DeliverySessionId>5</DeliverySessionId>
    <Action>Stop</Action>
</DeliverySession>
 连接失败 
20180607 01:05:32 ERROR com.zyj.sessionClient.entry.SessionClient.post(SessionClient.java:97) [pool-6-thread-1] url:localhost:8080body<?xml version="1.0" encoding="UTF-8" standalone="yes"?>
<DeliverySession>
    <DeliverySessionId>6</DeliverySessionId>
    <Action>Stop</Action>
</DeliverySession>
 连接失败 
20180607 01:05:32 INFO com.zyj.sessionClient.entry.SessionClient.stop(SessionClient.java:81) [pool-7-thread-1] id:5session已停止
20180607 01:05:32 ERROR com.zyj.sessionClient.entry.SessionClient.post(SessionClient.java:97) [pool-8-thread-1] url:localhost:8080body<?xml version="1.0" encoding="UTF-8" standalone="yes"?>
<DeliverySession>
    <DeliverySessionId>4</DeliverySessionId>
    <Action>Stop</Action>
</DeliverySession>
 连接失败 
20180607 01:05:32 INFO com.zyj.sessionClient.entry.SessionClient.stop(SessionClient.java:81) [pool-6-thread-1] id:6session已停止
20180607 01:05:32 INFO com.zyj.sessionClient.entry.SessionClient.stop(SessionClient.java:81) [pool-8-thread-1] id:4session已停止
20180607 01:05:32 ERROR com.zyj.sessionClient.entry.SessionClient.post(SessionClient.java:97) [pool-9-thread-1] url:localhost:8080body<?xml version="1.0" encoding="UTF-8" standalone="yes"?>
<DeliverySession>
    <DeliverySessionId>7</DeliverySessionId>
    <Action>Stop</Action>
</DeliverySession>
 连接失败 
20180607 01:05:32 INFO com.zyj.sessionClient.entry.SessionClient.stop(SessionClient.java:81) [pool-9-thread-1] id:7session已停止
20180607 01:05:33 ERROR com.zyj.sessionClient.entry.SessionClient.post(SessionClient.java:97) [pool-10-thread-1] url:localhost:8080body<?xml version="1.0" encoding="UTF-8" standalone="yes"?>
<DeliverySession>
    <DeliverySessionId>8</DeliverySessionId>
    <Action>Stop</Action>
</DeliverySession>
 连接失败 
20180607 01:05:33 ERROR com.zyj.sessionClient.entry.SessionClient.post(SessionClient.java:97) [pool-11-thread-1] url:localhost:8080body<?xml version="1.0" encoding="UTF-8" standalone="yes"?>
<DeliverySession>
    <DeliverySessionId>9</DeliverySessionId>
    <Action>Stop</Action>
</DeliverySession>
 连接失败 
20180607 01:05:33 INFO com.zyj.sessionClient.entry.SessionClient.stop(SessionClient.java:81) [pool-11-thread-1] id:9session已停止
20180607 01:05:33 INFO com.zyj.sessionClient.entry.SessionClient.stop(SessionClient.java:81) [pool-10-thread-1] id:8session已停止
20180607 01:11:49 ERROR com.zyj.sessionClient.entry.SessionClient.post(SessionClient.java:96) [main] url:localhost:8080body<?xml version="1.0" encoding="UTF-8" standalone="yes"?>
<DeliverySession>
    <DeliverySessionId>1</DeliverySessionId>
    <Action>Start</Action>
</DeliverySession>
 连接失败 
20180607 01:11:49 INFO com.zyj.sessionClient.entry.SessionClient.start(SessionClient.java:53) [main] id:1session已开始
20180607 01:11:56 ERROR com.zyj.sessionClient.entry.SessionClient.post(SessionClient.java:96) [pool-2-thread-1] url:localhost:8080body<?xml version="1.0" encoding="UTF-8" standalone="yes"?>
<DeliverySession>
    <DeliverySessionId>1</DeliverySessionId>
    <Action>Stop</Action>
</DeliverySession>
 连接失败 
20180607 01:11:56 INFO com.zyj.sessionClient.entry.SessionClient.stop(SessionClient.java:80) [pool-2-thread-1] id:1session已停止
20180607 01:14:25 ERROR com.zyj.sessionClient.entry.SessionClient.post(SessionClient.java:97) [pool-1-thread-4] url:localhost:8080body<?xml version="1.0" encoding="UTF-8" standalone="yes"?>
<DeliverySession>
    <DeliverySessionId>3</DeliverySessionId>
    <Action>Start</Action>
</DeliverySession>
 连接失败 
20180607 01:14:25 ERROR com.zyj.sessionClient.entry.SessionClient.post(SessionClient.java:97) [pool-1-thread-3] url:localhost:8080body<?xml version="1.0" encoding="UTF-8" standalone="yes"?>
<DeliverySession>
    <DeliverySessionId>2</DeliverySessionId>
    <Action>Start</Action>
</DeliverySession>
 连接失败 
20180607 01:14:25 ERROR com.zyj.sessionClient.entry.SessionClient.post(SessionClient.java:97) [pool-1-thread-1] url:localhost:8080body<?xml version="1.0" encoding="UTF-8" standalone="yes"?>
<DeliverySession>
    <DeliverySessionId>0</DeliverySessionId>
    <Action>Start</Action>
</DeliverySession>
 连接失败 
20180607 01:14:25 ERROR com.zyj.sessionClient.entry.SessionClient.post(SessionClient.java:97) [pool-1-thread-2] url:localhost:8080body<?xml version="1.0" encoding="UTF-8" standalone="yes"?>
<DeliverySession>
    <DeliverySessionId>1</DeliverySessionId>
    <Action>Start</Action>
</DeliverySession>
 连接失败 
20180607 01:14:25 INFO com.zyj.sessionClient.entry.SessionClient.start(SessionClient.java:53) [pool-1-thread-2] id:1session已开始
20180607 01:14:25 INFO com.zyj.sessionClient.entry.SessionClient.start(SessionClient.java:53) [pool-1-thread-1] id:0session已开始
20180607 01:14:25 INFO com.zyj.sessionClient.entry.SessionClient.start(SessionClient.java:53) [pool-1-thread-3] id:2session已开始
20180607 01:14:25 INFO com.zyj.sessionClient.entry.SessionClient.start(SessionClient.java:53) [pool-1-thread-4] id:3session已开始
20180607 01:14:27 ERROR com.zyj.sessionClient.entry.SessionClient.post(SessionClient.java:97) [pool-1-thread-4] url:localhost:8080body<?xml version="1.0" encoding="UTF-8" standalone="yes"?>
<DeliverySession>
    <DeliverySessionId>4</DeliverySessionId>
    <Action>Start</Action>
</DeliverySession>
 连接失败 
20180607 01:14:27 ERROR com.zyj.sessionClient.entry.SessionClient.post(SessionClient.java:97) [pool-1-thread-3] url:localhost:8080body<?xml version="1.0" encoding="UTF-8" standalone="yes"?>
<DeliverySession>
    <DeliverySessionId>6</DeliverySessionId>
    <Action>Start</Action>
</DeliverySession>
 连接失败 
20180607 01:14:27 INFO com.zyj.sessionClient.entry.SessionClient.start(SessionClient.java:53) [pool-1-thread-4] id:4session已开始
20180607 01:14:27 INFO com.zyj.sessionClient.entry.SessionClient.start(SessionClient.java:53) [pool-1-thread-3] id:6session已开始
20180607 01:14:27 ERROR com.zyj.sessionClient.entry.SessionClient.post(SessionClient.java:97) [pool-1-thread-2] url:localhost:8080body<?xml version="1.0" encoding="UTF-8" standalone="yes"?>
<DeliverySession>
    <DeliverySessionId>5</DeliverySessionId>
    <Action>Start</Action>
</DeliverySession>
 连接失败 
20180607 01:14:27 INFO com.zyj.sessionClient.entry.SessionClient.start(SessionClient.java:53) [pool-1-thread-2] id:5session已开始
20180607 01:14:27 ERROR com.zyj.sessionClient.entry.SessionClient.post(SessionClient.java:97) [pool-1-thread-1] url:localhost:8080body<?xml version="1.0" encoding="UTF-8" standalone="yes"?>
<DeliverySession>
    <DeliverySessionId>7</DeliverySessionId>
    <Action>Start</Action>
</DeliverySession>
 连接失败 
20180607 01:14:27 INFO com.zyj.sessionClient.entry.SessionClient.start(SessionClient.java:53) [pool-1-thread-1] id:7session已开始
20180607 01:14:28 ERROR com.zyj.sessionClient.entry.SessionClient.post(SessionClient.java:97) [pool-1-thread-4] url:localhost:8080body<?xml version="1.0" encoding="UTF-8" standalone="yes"?>
<DeliverySession>
    <DeliverySessionId>8</DeliverySessionId>
    <Action>Start</Action>
</DeliverySession>
 连接失败 
20180607 01:14:28 INFO com.zyj.sessionClient.entry.SessionClient.start(SessionClient.java:53) [pool-1-thread-4] id:8session已开始
20180607 01:14:28 ERROR com.zyj.sessionClient.entry.SessionClient.post(SessionClient.java:97) [pool-1-thread-3] url:localhost:8080body<?xml version="1.0" encoding="UTF-8" standalone="yes"?>
<DeliverySession>
    <DeliverySessionId>9</DeliverySessionId>
    <Action>Start</Action>
</DeliverySession>
 连接失败 
20180607 01:14:28 INFO com.zyj.sessionClient.entry.SessionClient.start(SessionClient.java:53) [pool-1-thread-3] id:9session已开始
20180607 01:14:53 ERROR com.zyj.sessionClient.entry.SessionClient.post(SessionClient.java:97) [pool-1-thread-4] url:localhost:8080body<?xml version="1.0" encoding="UTF-8" standalone="yes"?>
<DeliverySession>
    <DeliverySessionId>3</DeliverySessionId>
    <Action>Start</Action>
</DeliverySession>
 连接失败 
20180607 01:14:53 ERROR com.zyj.sessionClient.entry.SessionClient.post(SessionClient.java:97) [pool-1-thread-2] url:localhost:8080body<?xml version="1.0" encoding="UTF-8" standalone="yes"?>
<DeliverySession>
    <DeliverySessionId>1</DeliverySessionId>
    <Action>Start</Action>
</DeliverySession>
 连接失败 
20180607 01:14:53 ERROR com.zyj.sessionClient.entry.SessionClient.post(SessionClient.java:97) [pool-1-thread-1] url:localhost:8080body<?xml version="1.0" encoding="UTF-8" standalone="yes"?>
<DeliverySession>
    <DeliverySessionId>0</DeliverySessionId>
    <Action>Start</Action>
</DeliverySession>
 连接失败 
20180607 01:14:53 INFO com.zyj.sessionClient.entry.SessionClient.start(SessionClient.java:53) [pool-1-thread-1] id:0session已开始
20180607 01:14:53 ERROR com.zyj.sessionClient.entry.SessionClient.post(SessionClient.java:97) [pool-1-thread-3] url:localhost:8080body<?xml version="1.0" encoding="UTF-8" standalone="yes"?>
<DeliverySession>
    <DeliverySessionId>2</DeliverySessionId>
    <Action>Start</Action>
</DeliverySession>
 连接失败 
20180607 01:14:53 INFO com.zyj.sessionClient.entry.SessionClient.start(SessionClient.java:53) [pool-1-thread-2] id:1session已开始
20180607 01:14:53 INFO com.zyj.sessionClient.entry.SessionClient.start(SessionClient.java:53) [pool-1-thread-4] id:3session已开始
20180607 01:14:53 INFO com.zyj.sessionClient.entry.SessionClient.start(SessionClient.java:53) [pool-1-thread-3] id:2session已开始
20180607 01:14:54 ERROR com.zyj.sessionClient.entry.SessionClient.post(SessionClient.java:97) [pool-1-thread-1] url:localhost:8080body<?xml version="1.0" encoding="UTF-8" standalone="yes"?>
<DeliverySession>
    <DeliverySessionId>6</DeliverySessionId>
    <Action>Start</Action>
</DeliverySession>
 连接失败 
20180607 01:14:54 INFO com.zyj.sessionClient.entry.SessionClient.start(SessionClient.java:53) [pool-1-thread-1] id:6session已开始
20180607 01:14:54 ERROR com.zyj.sessionClient.entry.SessionClient.post(SessionClient.java:97) [pool-1-thread-3] url:localhost:8080body<?xml version="1.0" encoding="UTF-8" standalone="yes"?>
<DeliverySession>
    <DeliverySessionId>7</DeliverySessionId>
    <Action>Start</Action>
</DeliverySession>
 连接失败 
20180607 01:14:55 INFO com.zyj.sessionClient.entry.SessionClient.start(SessionClient.java:53) [pool-1-thread-3] id:7session已开始
20180607 01:14:55 ERROR com.zyj.sessionClient.entry.SessionClient.post(SessionClient.java:97) [pool-1-thread-4] url:localhost:8080body<?xml version="1.0" encoding="UTF-8" standalone="yes"?>
<DeliverySession>
    <DeliverySessionId>4</DeliverySessionId>
    <Action>Start</Action>
</DeliverySession>
 连接失败 
20180607 01:14:55 INFO com.zyj.sessionClient.entry.SessionClient.start(SessionClient.java:53) [pool-1-thread-4] id:4session已开始
20180607 01:14:55 ERROR com.zyj.sessionClient.entry.SessionClient.post(SessionClient.java:97) [pool-1-thread-2] url:localhost:8080body<?xml version="1.0" encoding="UTF-8" standalone="yes"?>
<DeliverySession>
    <DeliverySessionId>5</DeliverySessionId>
    <Action>Start</Action>
</DeliverySession>
 连接失败 
20180607 01:14:55 INFO com.zyj.sessionClient.entry.SessionClient.start(SessionClient.java:53) [pool-1-thread-2] id:5session已开始
20180607 01:14:56 ERROR com.zyj.sessionClient.entry.SessionClient.post(SessionClient.java:97) [pool-1-thread-3] url:localhost:8080body<?xml version="1.0" encoding="UTF-8" standalone="yes"?>
<DeliverySession>
    <DeliverySessionId>9</DeliverySessionId>
    <Action>Start</Action>
</DeliverySession>
 连接失败 
20180607 01:14:56 ERROR com.zyj.sessionClient.entry.SessionClient.post(SessionClient.java:97) [pool-1-thread-1] url:localhost:8080body<?xml version="1.0" encoding="UTF-8" standalone="yes"?>
<DeliverySession>
    <DeliverySessionId>8</DeliverySessionId>
    <Action>Start</Action>
</DeliverySession>
 连接失败 
20180607 01:14:56 INFO com.zyj.sessionClient.entry.SessionClient.start(SessionClient.java:53) [pool-1-thread-3] id:9session已开始
20180607 01:14:56 INFO com.zyj.sessionClient.entry.SessionClient.start(SessionClient.java:53) [pool-1-thread-1] id:8session已开始
20180607 01:19:48 ERROR com.zyj.sessionClient.entry.SessionClient.post(SessionClient.java:98) [pool-1-thread-2] url:localhost:8080body<?xml version="1.0" encoding="UTF-8" standalone="yes"?>
<DeliverySession>
    <DeliverySessionId>1</DeliverySessionId>
    <Action>Start</Action>
</DeliverySession>
 连接失败 
20180607 01:19:48 ERROR com.zyj.sessionClient.entry.SessionClient.post(SessionClient.java:98) [pool-1-thread-1] url:localhost:8080body<?xml version="1.0" encoding="UTF-8" standalone="yes"?>
<DeliverySession>
    <DeliverySessionId>0</DeliverySessionId>
    <Action>Start</Action>
</DeliverySession>
 连接失败 
20180607 01:19:48 INFO com.zyj.sessionClient.entry.SessionClient.start(SessionClient.java:53) [pool-1-thread-1] id:0session已开始
20180607 01:19:48 ERROR com.zyj.sessionClient.entry.SessionClient.post(SessionClient.java:98) [pool-1-thread-4] url:localhost:8080body<?xml version="1.0" encoding="UTF-8" standalone="yes"?>
<DeliverySession>
    <DeliverySessionId>3</DeliverySessionId>
    <Action>Start</Action>
</DeliverySession>
 连接失败 
20180607 01:19:48 INFO com.zyj.sessionClient.entry.SessionClient.start(SessionClient.java:53) [pool-1-thread-4] id:3session已开始
20180607 01:19:48 ERROR com.zyj.sessionClient.entry.SessionClient.post(SessionClient.java:98) [pool-1-thread-3] url:localhost:8080body<?xml version="1.0" encoding="UTF-8" standalone="yes"?>
<DeliverySession>
    <DeliverySessionId>2</DeliverySessionId>
    <Action>Start</Action>
</DeliverySession>
 连接失败 
20180607 01:19:48 INFO com.zyj.sessionClient.entry.SessionClient.start(SessionClient.java:53) [pool-1-thread-2] id:1session已开始
20180607 01:19:48 INFO com.zyj.sessionClient.entry.SessionClient.start(SessionClient.java:53) [pool-1-thread-3] id:2session已开始
20180607 01:19:50 ERROR com.zyj.sessionClient.entry.SessionClient.post(SessionClient.java:98) [pool-1-thread-2] url:localhost:8080body<?xml version="1.0" encoding="UTF-8" standalone="yes"?>
<DeliverySession>
    <DeliverySessionId>6</DeliverySessionId>
    <Action>Start</Action>
</DeliverySession>
 连接失败 
20180607 01:19:50 ERROR com.zyj.sessionClient.entry.SessionClient.post(SessionClient.java:98) [pool-1-thread-3] url:localhost:8080body<?xml version="1.0" encoding="UTF-8" standalone="yes"?>
<DeliverySession>
    <DeliverySessionId>7</DeliverySessionId>
    <Action>Start</Action>
</DeliverySession>
 连接失败 
20180607 01:19:50 INFO com.zyj.sessionClient.entry.SessionClient.start(SessionClient.java:53) [pool-1-thread-3] id:7session已开始
20180607 01:19:50 INFO com.zyj.sessionClient.entry.SessionClient.start(SessionClient.java:53) [pool-1-thread-2] id:6session已开始
20180607 01:19:50 ERROR com.zyj.sessionClient.entry.SessionClient.post(SessionClient.java:98) [pool-1-thread-1] url:localhost:8080body<?xml version="1.0" encoding="UTF-8" standalone="yes"?>
<DeliverySession>
    <DeliverySessionId>4</DeliverySessionId>
    <Action>Start</Action>
</DeliverySession>
 连接失败 
20180607 01:19:50 INFO com.zyj.sessionClient.entry.SessionClient.start(SessionClient.java:53) [pool-1-thread-1] id:4session已开始
20180607 01:19:50 ERROR com.zyj.sessionClient.entry.SessionClient.post(SessionClient.java:98) [pool-1-thread-4] url:localhost:8080body<?xml version="1.0" encoding="UTF-8" standalone="yes"?>
<DeliverySession>
    <DeliverySessionId>5</DeliverySessionId>
    <Action>Start</Action>
</DeliverySession>
 连接失败 
20180607 01:19:50 INFO com.zyj.sessionClient.entry.SessionClient.start(SessionClient.java:53) [pool-1-thread-4] id:5session已开始
20180607 01:19:51 ERROR com.zyj.sessionClient.entry.SessionClient.post(SessionClient.java:98) [pool-1-thread-2] url:localhost:8080body<?xml version="1.0" encoding="UTF-8" standalone="yes"?>
<DeliverySession>
    <DeliverySessionId>9</DeliverySessionId>
    <Action>Start</Action>
</DeliverySession>
 连接失败 
20180607 01:19:51 INFO com.zyj.sessionClient.entry.SessionClient.start(SessionClient.java:53) [pool-1-thread-2] id:9session已开始
20180607 01:19:51 ERROR com.zyj.sessionClient.entry.SessionClient.post(SessionClient.java:98) [pool-1-thread-3] url:localhost:8080body<?xml version="1.0" encoding="UTF-8" standalone="yes"?>
<DeliverySession>
    <DeliverySessionId>8</DeliverySessionId>
    <Action>Start</Action>
</DeliverySession>
 连接失败 
20180607 01:19:51 INFO com.zyj.sessionClient.entry.SessionClient.start(SessionClient.java:53) [pool-1-thread-3] id:8session已开始
20180607 01:19:55 ERROR com.zyj.sessionClient.entry.SessionClient.post(SessionClient.java:98) [pool-3-thread-1] url:localhost:8080body<?xml version="1.0" encoding="UTF-8" standalone="yes"?>
<DeliverySession>
    <DeliverySessionId>1</DeliverySessionId>
    <Action>Stop</Action>
</DeliverySession>
 连接失败 
20180607 01:19:55 ERROR com.zyj.sessionClient.entry.SessionClient.post(SessionClient.java:98) [pool-5-thread-1] url:localhost:8080body<?xml version="1.0" encoding="UTF-8" standalone="yes"?>
<DeliverySession>
    <DeliverySessionId>2</DeliverySessionId>
    <Action>Stop</Action>
</DeliverySession>
 连接失败 
20180607 01:19:55 INFO com.zyj.sessionClient.entry.SessionClient.stop(SessionClient.java:82) [pool-5-thread-1] id:2session已停止
20180607 01:19:55 INFO com.zyj.sessionClient.entry.SessionClient.stop(SessionClient.java:82) [pool-3-thread-1] id:1session已停止
20180607 01:19:55 ERROR com.zyj.sessionClient.entry.SessionClient.post(SessionClient.java:98) [pool-4-thread-1] url:localhost:8080body<?xml version="1.0" encoding="UTF-8" standalone="yes"?>
<DeliverySession>
    <DeliverySessionId>0</DeliverySessionId>
    <Action>Stop</Action>
</DeliverySession>
 连接失败 
20180607 01:19:55 ERROR com.zyj.sessionClient.entry.SessionClient.post(SessionClient.java:98) [pool-2-thread-1] url:localhost:8080body<?xml version="1.0" encoding="UTF-8" standalone="yes"?>
<DeliverySession>
    <DeliverySessionId>3</DeliverySessionId>
    <Action>Stop</Action>
</DeliverySession>
 连接失败 
20180607 01:19:55 INFO com.zyj.sessionClient.entry.SessionClient.stop(SessionClient.java:82) [pool-2-thread-1] id:3session已停止
20180607 01:19:55 INFO com.zyj.sessionClient.entry.SessionClient.stop(SessionClient.java:82) [pool-4-thread-1] id:0session已停止
20180607 01:19:56 ERROR com.zyj.sessionClient.entry.SessionClient.post(SessionClient.java:98) [pool-6-thread-1] url:localhost:8080body<?xml version="1.0" encoding="UTF-8" standalone="yes"?>
<DeliverySession>
    <DeliverySessionId>7</DeliverySessionId>
    <Action>Stop</Action>
</DeliverySession>
 连接失败 
20180607 01:19:56 INFO com.zyj.sessionClient.entry.SessionClient.stop(SessionClient.java:82) [pool-6-thread-1] id:7session已停止
20180607 01:19:56 ERROR com.zyj.sessionClient.entry.SessionClient.post(SessionClient.java:98) [pool-7-thread-1] url:localhost:8080body<?xml version="1.0" encoding="UTF-8" standalone="yes"?>
<DeliverySession>
    <DeliverySessionId>6</DeliverySessionId>
    <Action>Stop</Action>
</DeliverySession>
 连接失败 
20180607 01:19:56 INFO com.zyj.sessionClient.entry.SessionClient.stop(SessionClient.java:82) [pool-7-thread-1] id:6session已停止
20180607 01:19:56 ERROR com.zyj.sessionClient.entry.SessionClient.post(SessionClient.java:98) [pool-8-thread-1] url:localhost:8080body<?xml version="1.0" encoding="UTF-8" standalone="yes"?>
<DeliverySession>
    <DeliverySessionId>4</DeliverySessionId>
    <Action>Stop</Action>
</DeliverySession>
 连接失败 
20180607 01:19:56 INFO com.zyj.sessionClient.entry.SessionClient.stop(SessionClient.java:82) [pool-8-thread-1] id:4session已停止
20180607 01:19:56 ERROR com.zyj.sessionClient.entry.SessionClient.post(SessionClient.java:98) [pool-9-thread-1] url:localhost:8080body<?xml version="1.0" encoding="UTF-8" standalone="yes"?>
<DeliverySession>
    <DeliverySessionId>5</DeliverySessionId>
    <Action>Stop</Action>
</DeliverySession>
 连接失败 
20180607 01:19:56 INFO com.zyj.sessionClient.entry.SessionClient.stop(SessionClient.java:82) [pool-9-thread-1] id:5session已停止
20180607 01:19:57 ERROR com.zyj.sessionClient.entry.SessionClient.post(SessionClient.java:98) [pool-10-thread-1] url:localhost:8080body<?xml version="1.0" encoding="UTF-8" standalone="yes"?>
<DeliverySession>
    <DeliverySessionId>9</DeliverySessionId>
    <Action>Stop</Action>
</DeliverySession>
 连接失败 
20180607 01:19:57 INFO com.zyj.sessionClient.entry.SessionClient.stop(SessionClient.java:82) [pool-10-thread-1] id:9session已停止
20180607 01:19:57 ERROR com.zyj.sessionClient.entry.SessionClient.post(SessionClient.java:98) [pool-11-thread-1] url:localhost:8080body<?xml version="1.0" encoding="UTF-8" standalone="yes"?>
<DeliverySession>
    <DeliverySessionId>8</DeliverySessionId>
    <Action>Stop</Action>
</DeliverySession>
 连接失败 
20180607 01:19:57 INFO com.zyj.sessionClient.entry.SessionClient.stop(SessionClient.java:82) [pool-11-thread-1] id:8session已停止
